mode: set
github.com/funvibe/funbit/internal/builder/builder.go:27.32,29.2 1 1
github.com/funvibe/funbit/internal/builder/builder.go:33.57,35.41 1 1
github.com/funvibe/funbit/internal/builder/builder.go:35.41,39.22 4 1
github.com/funvibe/funbit/internal/builder/builder.go:39.22,43.4 3 1
github.com/funvibe/funbit/internal/builder/builder.go:49.35,50.20 1 1
github.com/funvibe/funbit/internal/builder/builder.go:50.20,56.3 4 1
github.com/funvibe/funbit/internal/builder/builder.go:60.58,63.2 2 1
github.com/funvibe/funbit/internal/builder/builder.go:66.44,70.20 3 1
github.com/funvibe/funbit/internal/builder/builder.go:70.20,74.3 2 1
github.com/funvibe/funbit/internal/builder/builder.go:75.2,75.30 1 1
github.com/funvibe/funbit/internal/builder/builder.go:79.28,83.2 1 1
github.com/funvibe/funbit/internal/builder/builder.go:86.94,88.24 2 1
github.com/funvibe/funbit/internal/builder/builder.go:88.24,90.3 1 1
github.com/funvibe/funbit/internal/builder/builder.go:93.2,93.28 1 1
github.com/funvibe/funbit/internal/builder/builder.go:93.28,96.3 2 1
github.com/funvibe/funbit/internal/builder/builder.go:99.2,99.21 1 1
github.com/funvibe/funbit/internal/builder/builder.go:99.21,101.94 1 1
github.com/funvibe/funbit/internal/builder/builder.go:101.94,102.21 1 1
github.com/funvibe/funbit/internal/builder/builder.go:102.21,104.5 1 1
github.com/funvibe/funbit/internal/builder/builder.go:108.2,109.10 2 1
github.com/funvibe/funbit/internal/builder/builder.go:113.88,116.33 2 1
github.com/funvibe/funbit/internal/builder/builder.go:116.33,120.59 3 1
github.com/funvibe/funbit/internal/builder/builder.go:120.59,122.9 2 1
github.com/funvibe/funbit/internal/builder/builder.go:127.2,133.23 3 1
github.com/funvibe/funbit/internal/builder/builder.go:133.23,135.3 1 1
github.com/funvibe/funbit/internal/builder/builder.go:138.2,138.29 1 1
github.com/funvibe/funbit/internal/builder/builder.go:138.30,141.3 0 1
github.com/funvibe/funbit/internal/builder/builder.go:141.8,143.22 1 1
github.com/funvibe/funbit/internal/builder/builder.go:143.22,145.4 1 1
github.com/funvibe/funbit/internal/builder/builder.go:146.3,147.31 2 1
github.com/funvibe/funbit/internal/builder/builder.go:150.2,151.10 2 1
github.com/funvibe/funbit/internal/builder/builder.go:155.92,159.33 3 1
github.com/funvibe/funbit/internal/builder/builder.go:159.33,162.65 3 1
github.com/funvibe/funbit/internal/builder/builder.go:162.65,164.9 2 1
github.com/funvibe/funbit/internal/builder/builder.go:169.2,170.30 2 1
github.com/funvibe/funbit/internal/builder/builder.go:170.30,172.3 1 1
github.com/funvibe/funbit/internal/builder/builder.go:172.8,174.3 1 1
github.com/funvibe/funbit/internal/builder/builder.go:176.2,181.33 4 1
github.com/funvibe/funbit/internal/builder/builder.go:181.33,184.59 3 1
github.com/funvibe/funbit/internal/builder/builder.go:184.59,186.9 2 1
github.com/funvibe/funbit/internal/builder/builder.go:191.2,191.30 1 1
github.com/funvibe/funbit/internal/builder/builder.go:191.30,194.23 1 1
github.com/funvibe/funbit/internal/builder/builder.go:195.16,197.21 1 1
github.com/funvibe/funbit/internal/builder/builder.go:198.16,200.21 1 1
github.com/funvibe/funbit/internal/builder/builder.go:201.11,203.45 1 1
github.com/funvibe/funbit/internal/builder/builder.go:206.3,206.32 1 1
github.com/funvibe/funbit/internal/builder/builder.go:209.2,210.10 2 1
github.com/funvibe/funbit/internal/builder/builder.go:214.66,219.70 2 1
github.com/funvibe/funbit/internal/builder/builder.go:219.70,221.3 1 1
github.com/funvibe/funbit/internal/builder/builder.go:221.8,221.137 1 1
github.com/funvibe/funbit/internal/builder/builder.go:221.137,224.3 1 1
github.com/funvibe/funbit/internal/builder/builder.go:225.2,226.10 2 1
github.com/funvibe/funbit/internal/builder/builder.go:230.105,231.18 1 1
github.com/funvibe/funbit/internal/builder/builder.go:231.18,233.3 1 1
github.com/funvibe/funbit/internal/builder/builder.go:235.2,240.10 5 1
github.com/funvibe/funbit/internal/builder/builder.go:244.140,246.23 1 1
github.com/funvibe/funbit/internal/builder/builder.go:246.23,248.3 1 1
github.com/funvibe/funbit/internal/builder/builder.go:251.2,251.37 1 1
github.com/funvibe/funbit/internal/builder/builder.go:251.37,254.3 2 1
github.com/funvibe/funbit/internal/builder/builder.go:258.79,259.33 1 1
github.com/funvibe/funbit/internal/builder/builder.go:259.33,262.59 3 1
github.com/funvibe/funbit/internal/builder/builder.go:262.59,264.4 1 1
github.com/funvibe/funbit/internal/builder/builder.go:266.2,266.14 1 1
github.com/funvibe/funbit/internal/builder/builder.go:270.57,273.37 2 1
github.com/funvibe/funbit/internal/builder/builder.go:273.37,279.60 2 1
github.com/funvibe/funbit/internal/builder/builder.go:279.60,281.4 1 1
github.com/funvibe/funbit/internal/builder/builder.go:285.3,285.49 1 1
github.com/funvibe/funbit/internal/builder/builder.go:285.49,288.38 1 1
github.com/funvibe/funbit/internal/builder/builder.go:288.38,291.5 1 1
github.com/funvibe/funbit/internal/builder/builder.go:291.10,291.45 1 1
github.com/funvibe/funbit/internal/builder/builder.go:291.46,294.5 0 1
github.com/funvibe/funbit/internal/builder/builder.go:294.10,297.5 1 1
github.com/funvibe/funbit/internal/builder/builder.go:300.3,300.56 1 1
github.com/funvibe/funbit/internal/builder/builder.go:300.56,302.4 1 1
github.com/funvibe/funbit/internal/builder/builder.go:305.2,306.61 2 1
github.com/funvibe/funbit/internal/builder/builder.go:310.68,311.59 1 1
github.com/funvibe/funbit/internal/builder/builder.go:311.59,313.3 1 1
github.com/funvibe/funbit/internal/builder/builder.go:315.2,315.22 1 1
github.com/funvibe/funbit/internal/builder/builder.go:316.33,317.35 1 1
github.com/funvibe/funbit/internal/builder/builder.go:318.31,319.37 1 1
github.com/funvibe/funbit/internal/builder/builder.go:320.27,321.33 1 1
github.com/funvibe/funbit/internal/builder/builder.go:322.28,323.34 1 1
github.com/funvibe/funbit/internal/builder/builder.go:324.32,325.31 1 1
github.com/funvibe/funbit/internal/builder/builder.go:326.10,327.66 1 0
github.com/funvibe/funbit/internal/builder/builder.go:331.46,334.20 2 1
github.com/funvibe/funbit/internal/builder/builder.go:335.78,336.32 1 1
github.com/funvibe/funbit/internal/builder/builder.go:337.83,338.25 1 1
github.com/funvibe/funbit/internal/builder/builder.go:339.10,340.78 1 1
github.com/funvibe/funbit/internal/builder/builder.go:347.68,350.28 2 1
github.com/funvibe/funbit/internal/builder/builder.go:350.28,352.3 1 1
github.com/funvibe/funbit/internal/builder/builder.go:352.8,354.3 1 1
github.com/funvibe/funbit/internal/builder/builder.go:356.2,356.15 1 1
github.com/funvibe/funbit/internal/builder/builder.go:356.15,358.3 1 1
github.com/funvibe/funbit/internal/builder/builder.go:359.2,359.15 1 1
github.com/funvibe/funbit/internal/builder/builder.go:359.15,361.3 1 1
github.com/funvibe/funbit/internal/builder/builder.go:363.2,364.16 2 1
github.com/funvibe/funbit/internal/builder/builder.go:364.16,366.3 1 1
github.com/funvibe/funbit/internal/builder/builder.go:369.2,369.15 1 1
github.com/funvibe/funbit/internal/builder/builder.go:369.15,370.21 1 1
github.com/funvibe/funbit/internal/builder/builder.go:370.21,372.103 1 1
github.com/funvibe/funbit/internal/builder/builder.go:372.103,378.53 5 1
github.com/funvibe/funbit/internal/builder/builder.go:378.53,380.6 1 1
github.com/funvibe/funbit/internal/builder/builder.go:381.10,381.73 1 1
github.com/funvibe/funbit/internal/builder/builder.go:381.73,387.30 4 1
github.com/funvibe/funbit/internal/builder/builder.go:387.30,389.6 1 1
github.com/funvibe/funbit/internal/builder/builder.go:391.9,394.25 2 1
github.com/funvibe/funbit/internal/builder/builder.go:394.25,396.5 1 1
github.com/funvibe/funbit/internal/builder/builder.go:399.4,399.103 1 1
github.com/funvibe/funbit/internal/builder/builder.go:399.103,401.21 2 1
github.com/funvibe/funbit/internal/builder/builder.go:401.21,403.6 1 0
github.com/funvibe/funbit/internal/builder/builder.go:409.2,409.45 1 1
github.com/funvibe/funbit/internal/builder/builder.go:409.45,412.73 1 1
github.com/funvibe/funbit/internal/builder/builder.go:412.73,413.49 1 0
github.com/funvibe/funbit/internal/builder/builder.go:413.49,416.29 3 0
github.com/funvibe/funbit/internal/builder/builder.go:416.29,418.6 1 0
github.com/funvibe/funbit/internal/builder/builder.go:420.9,424.16 1 1
github.com/funvibe/funbit/internal/builder/builder.go:424.16,426.5 1 1
github.com/funvibe/funbit/internal/builder/builder.go:431.2,431.15 1 1
github.com/funvibe/funbit/internal/builder/builder.go:431.15,432.21 1 1
github.com/funvibe/funbit/internal/builder/builder.go:432.21,435.103 1 1
github.com/funvibe/funbit/internal/builder/builder.go:435.103,437.21 2 1
github.com/funvibe/funbit/internal/builder/builder.go:437.21,441.6 2 1
github.com/funvibe/funbit/internal/builder/builder.go:441.11,445.6 2 1
github.com/funvibe/funbit/internal/builder/builder.go:446.10,450.5 2 1
github.com/funvibe/funbit/internal/builder/builder.go:451.9,455.4 2 1
github.com/funvibe/funbit/internal/builder/builder.go:459.2,459.43 1 1
github.com/funvibe/funbit/internal/builder/builder.go:459.43,461.18 1 1
github.com/funvibe/funbit/internal/builder/builder.go:461.18,467.40 3 1
github.com/funvibe/funbit/internal/builder/builder.go:467.40,470.5 2 1
github.com/funvibe/funbit/internal/builder/builder.go:473.4,473.56 1 1
github.com/funvibe/funbit/internal/builder/builder.go:473.56,475.61 1 1
github.com/funvibe/funbit/internal/builder/builder.go:475.61,477.6 1 1
github.com/funvibe/funbit/internal/builder/builder.go:478.10,478.63 1 1
github.com/funvibe/funbit/internal/builder/builder.go:478.63,480.53 1 1
github.com/funvibe/funbit/internal/builder/builder.go:480.53,482.62 1 1
github.com/funvibe/funbit/internal/builder/builder.go:482.62,484.7 1 1
github.com/funvibe/funbit/internal/builder/builder.go:490.4,490.28 1 1
github.com/funvibe/funbit/internal/builder/builder.go:490.28,492.5 1 1
github.com/funvibe/funbit/internal/builder/builder.go:493.4,493.14 1 1
github.com/funvibe/funbit/internal/builder/builder.go:498.2,499.12 2 1
github.com/funvibe/funbit/internal/builder/builder.go:503.67,505.9 2 1
github.com/funvibe/funbit/internal/builder/builder.go:505.9,509.3 1 1
github.com/funvibe/funbit/internal/builder/builder.go:511.2,511.28 1 1
github.com/funvibe/funbit/internal/builder/builder.go:511.28,513.3 1 1
github.com/funvibe/funbit/internal/builder/builder.go:515.2,521.47 2 1
github.com/funvibe/funbit/internal/builder/builder.go:521.47,523.3 1 1
github.com/funvibe/funbit/internal/builder/builder.go:526.2,526.28 1 1
github.com/funvibe/funbit/internal/builder/builder.go:526.28,528.3 1 0
github.com/funvibe/funbit/internal/builder/builder.go:531.2,531.36 1 1
github.com/funvibe/funbit/internal/builder/builder.go:531.36,535.3 1 1
github.com/funvibe/funbit/internal/builder/builder.go:538.2,538.41 1 1
github.com/funvibe/funbit/internal/builder/builder.go:538.41,540.3 1 1
github.com/funvibe/funbit/internal/builder/builder.go:542.2,542.12 1 1
github.com/funvibe/funbit/internal/builder/builder.go:546.70,548.16 2 1
github.com/funvibe/funbit/internal/builder/builder.go:548.16,550.3 1 1
github.com/funvibe/funbit/internal/builder/builder.go:552.2,553.16 2 1
github.com/funvibe/funbit/internal/builder/builder.go:553.16,555.3 1 1
github.com/funvibe/funbit/internal/builder/builder.go:557.2,557.40 1 1
github.com/funvibe/funbit/internal/builder/builder.go:561.87,563.9 2 1
github.com/funvibe/funbit/internal/builder/builder.go:563.9,567.3 1 1
github.com/funvibe/funbit/internal/builder/builder.go:569.2,569.15 1 1
github.com/funvibe/funbit/internal/builder/builder.go:569.15,571.3 1 1
github.com/funvibe/funbit/internal/builder/builder.go:573.2,573.16 1 1
github.com/funvibe/funbit/internal/builder/builder.go:577.96,579.28 2 1
github.com/funvibe/funbit/internal/builder/builder.go:579.28,581.3 1 1
github.com/funvibe/funbit/internal/builder/builder.go:581.8,583.3 1 1
github.com/funvibe/funbit/internal/builder/builder.go:585.2,585.15 1 1
github.com/funvibe/funbit/internal/builder/builder.go:585.15,587.3 1 1
github.com/funvibe/funbit/internal/builder/builder.go:589.2,589.24 1 1
github.com/funvibe/funbit/internal/builder/builder.go:589.24,593.3 1 1
github.com/funvibe/funbit/internal/builder/builder.go:595.2,595.18 1 1
github.com/funvibe/funbit/internal/builder/builder.go:599.81,602.64 2 1
github.com/funvibe/funbit/internal/builder/builder.go:602.64,606.42 3 1
github.com/funvibe/funbit/internal/builder/builder.go:606.42,607.9 1 1
github.com/funvibe/funbit/internal/builder/builder.go:610.3,611.30 2 1
github.com/funvibe/funbit/internal/builder/builder.go:614.2,614.12 1 1
github.com/funvibe/funbit/internal/builder/builder.go:618.61,621.2 1 1
github.com/funvibe/funbit/internal/builder/builder.go:625.66,629.28 2 1
github.com/funvibe/funbit/internal/builder/builder.go:629.28,631.3 1 1
github.com/funvibe/funbit/internal/builder/builder.go:632.2,633.15 2 1
github.com/funvibe/funbit/internal/builder/builder.go:633.15,635.3 1 1
github.com/funvibe/funbit/internal/builder/builder.go:636.2,636.30 1 1
github.com/funvibe/funbit/internal/builder/builder.go:636.30,639.3 1 1
github.com/funvibe/funbit/internal/builder/builder.go:641.2,642.35 2 1
github.com/funvibe/funbit/internal/builder/builder.go:643.15,644.21 1 1
github.com/funvibe/funbit/internal/builder/builder.go:645.15,646.12 1 1
github.com/funvibe/funbit/internal/builder/builder.go:647.10,650.18 1 1
github.com/funvibe/funbit/internal/builder/builder.go:653.2,654.16 2 1
github.com/funvibe/funbit/internal/builder/builder.go:654.16,656.55 2 1
github.com/funvibe/funbit/internal/builder/builder.go:656.55,658.4 1 1
github.com/funvibe/funbit/internal/builder/builder.go:658.9,658.62 1 1
github.com/funvibe/funbit/internal/builder/builder.go:658.62,659.52 1 1
github.com/funvibe/funbit/internal/builder/builder.go:659.52,661.5 1 1
github.com/funvibe/funbit/internal/builder/builder.go:661.10,663.5 1 0
github.com/funvibe/funbit/internal/builder/builder.go:664.9,666.4 1 1
github.com/funvibe/funbit/internal/builder/builder.go:667.8,669.55 2 1
github.com/funvibe/funbit/internal/builder/builder.go:669.55,671.4 1 1
github.com/funvibe/funbit/internal/builder/builder.go:671.9,671.62 1 1
github.com/funvibe/funbit/internal/builder/builder.go:671.62,672.52 1 1
github.com/funvibe/funbit/internal/builder/builder.go:672.52,674.5 1 1
github.com/funvibe/funbit/internal/builder/builder.go:674.10,676.5 1 0
github.com/funvibe/funbit/internal/builder/builder.go:677.9,679.4 1 1
github.com/funvibe/funbit/internal/builder/builder.go:681.2,682.12 2 1
github.com/funvibe/funbit/internal/builder/builder.go:686.64,688.27 1 1
github.com/funvibe/funbit/internal/builder/builder.go:688.27,690.3 1 1
github.com/funvibe/funbit/internal/builder/builder.go:693.2,694.35 2 1
github.com/funvibe/funbit/internal/builder/builder.go:695.11,696.16 1 1
github.com/funvibe/funbit/internal/builder/builder.go:697.13,698.21 1 1
github.com/funvibe/funbit/internal/builder/builder.go:699.13,700.21 1 1
github.com/funvibe/funbit/internal/builder/builder.go:701.12,702.21 1 1
github.com/funvibe/funbit/internal/builder/builder.go:703.14,704.21 1 1
github.com/funvibe/funbit/internal/builder/builder.go:705.14,706.21 1 1
github.com/funvibe/funbit/internal/builder/builder.go:707.10,708.73 1 1
github.com/funvibe/funbit/internal/builder/builder.go:712.2,713.25 2 1
github.com/funvibe/funbit/internal/builder/builder.go:713.25,715.3 1 1
github.com/funvibe/funbit/internal/builder/builder.go:715.8,715.38 1 1
github.com/funvibe/funbit/internal/builder/builder.go:715.38,717.3 1 1
github.com/funvibe/funbit/internal/builder/builder.go:720.2,723.22 3 1
github.com/funvibe/funbit/internal/builder/builder.go:724.14,726.43 2 1
github.com/funvibe/funbit/internal/builder/builder.go:727.15,729.58 2 1
github.com/funvibe/funbit/internal/builder/builder.go:730.15,732.58 2 1
github.com/funvibe/funbit/internal/builder/builder.go:733.10,734.62 1 1
github.com/funvibe/funbit/internal/builder/builder.go:737.2,737.16 1 1
github.com/funvibe/funbit/internal/builder/builder.go:737.16,739.3 1 1
github.com/funvibe/funbit/internal/builder/builder.go:742.2,742.28 1 1
github.com/funvibe/funbit/internal/builder/builder.go:742.28,744.3 1 1
github.com/funvibe/funbit/internal/builder/builder.go:746.2,746.12 1 1
github.com/funvibe/funbit/internal/builder/dynamic.go:10.109,11.22 1 1
github.com/funvibe/funbit/internal/builder/dynamic.go:11.22,16.3 1 1
github.com/funvibe/funbit/internal/builder/dynamic.go:19.2,20.16 2 1
github.com/funvibe/funbit/internal/builder/dynamic.go:20.16,22.3 1 1
github.com/funvibe/funbit/internal/builder/dynamic.go:24.2,24.24 1 1
github.com/funvibe/funbit/internal/builder/dynamic.go:24.24,26.3 1 1
github.com/funvibe/funbit/internal/builder/dynamic.go:29.2,30.35 2 1
github.com/funvibe/funbit/internal/builder/dynamic.go:30.35,32.3 1 1
github.com/funvibe/funbit/internal/builder/dynamic.go:35.2,35.18 1 1
github.com/funvibe/funbit/internal/builder/dynamic.go:40.127,43.15 2 1
github.com/funvibe/funbit/internal/builder/dynamic.go:43.15,45.3 1 1
github.com/funvibe/funbit/internal/builder/dynamic.go:45.8,47.3 1 1
github.com/funvibe/funbit/internal/builder/dynamic.go:49.2,49.24 1 1
github.com/funvibe/funbit/internal/builder/dynamic.go:49.24,51.3 1 1
github.com/funvibe/funbit/internal/builder/dynamic.go:54.2,55.35 2 1
github.com/funvibe/funbit/internal/builder/dynamic.go:55.35,57.3 1 1
github.com/funvibe/funbit/internal/builder/dynamic.go:60.2,60.18 1 1
github.com/funvibe/funbit/internal/builder/dynamic.go:65.114,66.19 1 1
github.com/funvibe/funbit/internal/builder/dynamic.go:66.19,71.3 1 1
github.com/funvibe/funbit/internal/builder/dynamic.go:73.2,73.24 1 1
github.com/funvibe/funbit/internal/builder/dynamic.go:73.24,75.3 1 1
github.com/funvibe/funbit/internal/builder/dynamic.go:78.2,79.35 2 1
github.com/funvibe/funbit/internal/builder/dynamic.go:79.35,81.3 1 1
github.com/funvibe/funbit/internal/builder/dynamic.go:84.2,85.16 2 1
github.com/funvibe/funbit/internal/builder/dynamic.go:85.16,87.3 1 1
github.com/funvibe/funbit/internal/builder/dynamic.go:90.2,93.31 3 1
