mode: set
github.com/funvibe/funbit/internal/matcher/dynamic.go:19.50,23.2 1 1
github.com/funvibe/funbit/internal/matcher/dynamic.go:26.69,28.2 1 1
github.com/funvibe/funbit/internal/matcher/dynamic.go:31.70,34.2 2 1
github.com/funvibe/funbit/internal/matcher/dynamic.go:37.113,38.24 1 1
github.com/funvibe/funbit/internal/matcher/dynamic.go:38.24,40.3 1 1
github.com/funvibe/funbit/internal/matcher/dynamic.go:43.2,43.32 1 1
github.com/funvibe/funbit/internal/matcher/dynamic.go:43.32,45.3 1 1
github.com/funvibe/funbit/internal/matcher/dynamic.go:48.2,48.31 1 1
github.com/funvibe/funbit/internal/matcher/dynamic.go:48.31,50.3 1 1
github.com/funvibe/funbit/internal/matcher/dynamic.go:52.2,52.87 1 1
github.com/funvibe/funbit/internal/matcher/dynamic.go:56.94,63.22 2 1
github.com/funvibe/funbit/internal/matcher/dynamic.go:63.22,65.3 1 1
github.com/funvibe/funbit/internal/matcher/dynamic.go:68.2,69.16 2 1
github.com/funvibe/funbit/internal/matcher/dynamic.go:69.16,71.3 1 0
github.com/funvibe/funbit/internal/matcher/dynamic.go:74.2,75.16 2 1
github.com/funvibe/funbit/internal/matcher/dynamic.go:75.16,77.3 1 1
github.com/funvibe/funbit/internal/matcher/dynamic.go:79.2,79.20 1 1
github.com/funvibe/funbit/internal/matcher/dynamic.go:83.60,92.2 4 1
github.com/funvibe/funbit/internal/matcher/dynamic.go:95.69,106.31 4 1
github.com/funvibe/funbit/internal/matcher/dynamic.go:106.31,107.47 1 1
github.com/funvibe/funbit/internal/matcher/dynamic.go:107.47,109.4 1 1
github.com/funvibe/funbit/internal/matcher/dynamic.go:109.9,109.26 1 1
github.com/funvibe/funbit/internal/matcher/dynamic.go:109.26,111.4 1 1
github.com/funvibe/funbit/internal/matcher/dynamic.go:111.9,111.26 1 1
github.com/funvibe/funbit/internal/matcher/dynamic.go:111.26,113.65 1 1
github.com/funvibe/funbit/internal/matcher/dynamic.go:113.65,116.5 2 1
github.com/funvibe/funbit/internal/matcher/dynamic.go:118.4,118.27 1 1
github.com/funvibe/funbit/internal/matcher/dynamic.go:118.27,120.5 1 1
github.com/funvibe/funbit/internal/matcher/dynamic.go:123.4,123.44 1 1
github.com/funvibe/funbit/internal/matcher/dynamic.go:124.9,124.33 1 1
github.com/funvibe/funbit/internal/matcher/dynamic.go:124.33,127.66 1 1
github.com/funvibe/funbit/internal/matcher/dynamic.go:127.66,130.5 2 0
github.com/funvibe/funbit/internal/matcher/dynamic.go:131.4,131.40 1 1
github.com/funvibe/funbit/internal/matcher/dynamic.go:132.9,134.4 1 1
github.com/funvibe/funbit/internal/matcher/dynamic.go:138.2,138.25 1 1
github.com/funvibe/funbit/internal/matcher/dynamic.go:138.25,139.41 1 1
github.com/funvibe/funbit/internal/matcher/dynamic.go:139.41,141.4 1 1
github.com/funvibe/funbit/internal/matcher/dynamic.go:142.3,143.43 2 1
github.com/funvibe/funbit/internal/matcher/dynamic.go:146.2,146.20 1 1
github.com/funvibe/funbit/internal/matcher/dynamic.go:150.96,153.32 2 1
github.com/funvibe/funbit/internal/matcher/dynamic.go:153.32,154.24 1 1
github.com/funvibe/funbit/internal/matcher/dynamic.go:154.24,156.18 2 1
github.com/funvibe/funbit/internal/matcher/dynamic.go:156.18,158.5 1 0
github.com/funvibe/funbit/internal/matcher/dynamic.go:159.4,159.38 1 1
github.com/funvibe/funbit/internal/matcher/dynamic.go:160.9,160.33 1 1
github.com/funvibe/funbit/internal/matcher/dynamic.go:160.33,162.15 2 1
github.com/funvibe/funbit/internal/matcher/dynamic.go:162.15,164.5 1 1
github.com/funvibe/funbit/internal/matcher/dynamic.go:165.4,165.32 1 1
github.com/funvibe/funbit/internal/matcher/dynamic.go:166.9,166.33 1 1
github.com/funvibe/funbit/internal/matcher/dynamic.go:166.33,167.22 1 1
github.com/funvibe/funbit/internal/matcher/dynamic.go:167.22,169.5 1 1
github.com/funvibe/funbit/internal/matcher/dynamic.go:172.4,179.17 6 1
github.com/funvibe/funbit/internal/matcher/dynamic.go:180.13,181.19 1 1
github.com/funvibe/funbit/internal/matcher/dynamic.go:182.13,183.14 1 1
github.com/funvibe/funbit/internal/matcher/dynamic.go:183.14,185.6 1 1
github.com/funvibe/funbit/internal/matcher/dynamic.go:186.5,186.19 1 1
github.com/funvibe/funbit/internal/matcher/dynamic.go:187.13,188.19 1 1
github.com/funvibe/funbit/internal/matcher/dynamic.go:189.13,190.15 1 1
github.com/funvibe/funbit/internal/matcher/dynamic.go:190.15,192.6 1 1
github.com/funvibe/funbit/internal/matcher/dynamic.go:193.5,193.19 1 1
github.com/funvibe/funbit/internal/matcher/dynamic.go:194.12,195.56 1 0
github.com/funvibe/funbit/internal/matcher/dynamic.go:198.4,198.18 1 1
github.com/funvibe/funbit/internal/matcher/dynamic.go:198.18,200.5 1 0
github.com/funvibe/funbit/internal/matcher/dynamic.go:202.4,202.33 1 1
github.com/funvibe/funbit/internal/matcher/dynamic.go:203.9,205.4 1 0
github.com/funvibe/funbit/internal/matcher/dynamic.go:208.2,208.21 1 1
github.com/funvibe/funbit/internal/matcher/dynamic.go:208.21,210.3 1 1
github.com/funvibe/funbit/internal/matcher/dynamic.go:212.2,212.22 1 1
github.com/funvibe/funbit/internal/matcher/dynamic.go:216.47,219.2 2 1
github.com/funvibe/funbit/internal/matcher/dynamic.go:221.49,222.21 1 1
github.com/funvibe/funbit/internal/matcher/dynamic.go:222.21,224.3 1 1
github.com/funvibe/funbit/internal/matcher/dynamic.go:226.2,226.97 1 1
github.com/funvibe/funbit/internal/matcher/dynamic.go:226.97,228.3 1 1
github.com/funvibe/funbit/internal/matcher/dynamic.go:230.2,230.30 1 1
github.com/funvibe/funbit/internal/matcher/dynamic.go:230.30,231.87 1 1
github.com/funvibe/funbit/internal/matcher/dynamic.go:231.87,233.4 1 1
github.com/funvibe/funbit/internal/matcher/dynamic.go:235.2,235.13 1 1
github.com/funvibe/funbit/internal/matcher/dynamic.go:238.49,240.2 1 1
github.com/funvibe/funbit/internal/matcher/dynamic.go:243.143,247.34 2 1
github.com/funvibe/funbit/internal/matcher/dynamic.go:247.34,248.24 1 1
github.com/funvibe/funbit/internal/matcher/dynamic.go:248.24,249.9 1 1
github.com/funvibe/funbit/internal/matcher/dynamic.go:252.3,253.22 2 1
github.com/funvibe/funbit/internal/matcher/dynamic.go:253.22,254.12 1 1
github.com/funvibe/funbit/internal/matcher/dynamic.go:258.3,259.20 2 1
github.com/funvibe/funbit/internal/matcher/dynamic.go:259.20,260.12 1 1
github.com/funvibe/funbit/internal/matcher/dynamic.go:264.3,265.35 2 0
github.com/funvibe/funbit/internal/matcher/dynamic.go:266.12,267.19 1 0
github.com/funvibe/funbit/internal/matcher/dynamic.go:268.13,269.19 1 0
github.com/funvibe/funbit/internal/matcher/dynamic.go:270.14,271.19 1 0
github.com/funvibe/funbit/internal/matcher/dynamic.go:272.14,273.19 1 0
github.com/funvibe/funbit/internal/matcher/dynamic.go:274.14,275.19 1 0
github.com/funvibe/funbit/internal/matcher/dynamic.go:276.13,277.13 1 0
github.com/funvibe/funbit/internal/matcher/dynamic.go:278.14,279.19 1 0
github.com/funvibe/funbit/internal/matcher/dynamic.go:280.15,281.19 1 0
github.com/funvibe/funbit/internal/matcher/dynamic.go:282.15,283.19 1 0
github.com/funvibe/funbit/internal/matcher/dynamic.go:284.15,285.19 1 0
github.com/funvibe/funbit/internal/matcher/dynamic.go:286.11,288.12 1 0
github.com/funvibe/funbit/internal/matcher/dynamic.go:291.3,291.38 1 0
github.com/funvibe/funbit/internal/matcher/dynamic.go:294.2,294.21 1 1
github.com/funvibe/funbit/internal/matcher/dynamic.go:298.61,306.2 1 1
github.com/funvibe/funbit/internal/matcher/matcher.go:22.28,27.2 1 1
github.com/funvibe/funbit/internal/matcher/matcher.go:30.97,35.28 3 1
github.com/funvibe/funbit/internal/matcher/matcher.go:35.28,38.3 2 0
github.com/funvibe/funbit/internal/matcher/matcher.go:41.2,41.28 1 1
github.com/funvibe/funbit/internal/matcher/matcher.go:41.28,43.3 1 1
github.com/funvibe/funbit/internal/matcher/matcher.go:45.2,46.10 2 1
github.com/funvibe/funbit/internal/matcher/matcher.go:50.95,55.28 3 1
github.com/funvibe/funbit/internal/matcher/matcher.go:55.28,58.3 2 0
github.com/funvibe/funbit/internal/matcher/matcher.go:61.2,61.23 1 1
github.com/funvibe/funbit/internal/matcher/matcher.go:61.23,63.3 1 1
github.com/funvibe/funbit/internal/matcher/matcher.go:65.2,66.10 2 1
github.com/funvibe/funbit/internal/matcher/matcher.go:70.96,78.28 3 1
github.com/funvibe/funbit/internal/matcher/matcher.go:78.28,80.3 1 1
github.com/funvibe/funbit/internal/matcher/matcher.go:84.2,84.28 1 1
github.com/funvibe/funbit/internal/matcher/matcher.go:84.28,86.40 1 0
github.com/funvibe/funbit/internal/matcher/matcher.go:86.40,89.4 2 0
github.com/funvibe/funbit/internal/matcher/matcher.go:89.9,93.4 2 0
github.com/funvibe/funbit/internal/matcher/matcher.go:96.2,97.10 2 1
github.com/funvibe/funbit/internal/matcher/matcher.go:101.93,105.64 2 1
github.com/funvibe/funbit/internal/matcher/matcher.go:105.64,107.3 1 0
github.com/funvibe/funbit/internal/matcher/matcher.go:110.2,110.28 1 1
github.com/funvibe/funbit/internal/matcher/matcher.go:110.28,113.3 2 1
github.com/funvibe/funbit/internal/matcher/matcher.go:116.2,116.23 1 1
github.com/funvibe/funbit/internal/matcher/matcher.go:116.23,118.3 1 1
github.com/funvibe/funbit/internal/matcher/matcher.go:120.2,121.10 2 1
github.com/funvibe/funbit/internal/matcher/matcher.go:125.99,133.28 3 1
github.com/funvibe/funbit/internal/matcher/matcher.go:133.28,135.3 1 1
github.com/funvibe/funbit/internal/matcher/matcher.go:139.2,139.28 1 1
github.com/funvibe/funbit/internal/matcher/matcher.go:139.28,143.3 2 0
github.com/funvibe/funbit/internal/matcher/matcher.go:145.2,146.10 2 1
github.com/funvibe/funbit/internal/matcher/matcher.go:150.80,153.2 2 1
github.com/funvibe/funbit/internal/matcher/matcher.go:156.61,161.2 4 1
github.com/funvibe/funbit/internal/matcher/matcher.go:164.64,169.2 4 1
github.com/funvibe/funbit/internal/matcher/matcher.go:172.98,173.22 1 1
github.com/funvibe/funbit/internal/matcher/matcher.go:173.22,175.3 1 1
github.com/funvibe/funbit/internal/matcher/matcher.go:177.2,181.36 4 1
github.com/funvibe/funbit/internal/matcher/matcher.go:181.36,182.63 1 1
github.com/funvibe/funbit/internal/matcher/matcher.go:182.63,185.4 1 0
github.com/funvibe/funbit/internal/matcher/matcher.go:187.3,188.17 2 1
github.com/funvibe/funbit/internal/matcher/matcher.go:188.17,190.66 1 1
github.com/funvibe/funbit/internal/matcher/matcher.go:190.66,193.5 1 1
github.com/funvibe/funbit/internal/matcher/matcher.go:194.4,194.19 1 0
github.com/funvibe/funbit/internal/matcher/matcher.go:197.3,201.54 3 1
github.com/funvibe/funbit/internal/matcher/matcher.go:204.2,204.21 1 1
github.com/funvibe/funbit/internal/matcher/matcher.go:208.147,210.2 1 1
github.com/funvibe/funbit/internal/matcher/matcher.go:213.233,215.23 1 1
github.com/funvibe/funbit/internal/matcher/matcher.go:215.23,217.17 2 1
github.com/funvibe/funbit/internal/matcher/matcher.go:217.17,219.4 1 1
github.com/funvibe/funbit/internal/matcher/matcher.go:221.3,228.25 4 1
github.com/funvibe/funbit/internal/matcher/matcher.go:231.2,231.22 1 1
github.com/funvibe/funbit/internal/matcher/matcher.go:232.32,233.45 1 1
github.com/funvibe/funbit/internal/matcher/matcher.go:234.30,235.43 1 1
github.com/funvibe/funbit/internal/matcher/matcher.go:236.31,237.44 1 1
github.com/funvibe/funbit/internal/matcher/matcher.go:238.34,239.47 1 0
github.com/funvibe/funbit/internal/matcher/matcher.go:240.99,241.41 1 1
github.com/funvibe/funbit/internal/matcher/matcher.go:242.35,243.48 1 1
github.com/funvibe/funbit/internal/matcher/matcher.go:244.38,245.51 1 1
github.com/funvibe/funbit/internal/matcher/matcher.go:246.10,247.74 1 0
github.com/funvibe/funbit/internal/matcher/matcher.go:252.139,253.21 1 1
github.com/funvibe/funbit/internal/matcher/matcher.go:253.21,255.3 1 1
github.com/funvibe/funbit/internal/matcher/matcher.go:258.2,259.19 2 1
github.com/funvibe/funbit/internal/matcher/matcher.go:259.19,261.3 1 1
github.com/funvibe/funbit/internal/matcher/matcher.go:264.2,265.34 2 1
github.com/funvibe/funbit/internal/matcher/matcher.go:266.11,267.18 1 1
github.com/funvibe/funbit/internal/matcher/matcher.go:268.12,269.18 1 1
github.com/funvibe/funbit/internal/matcher/matcher.go:270.13,271.18 1 1
github.com/funvibe/funbit/internal/matcher/matcher.go:272.13,273.18 1 0
github.com/funvibe/funbit/internal/matcher/matcher.go:274.13,275.18 1 0
github.com/funvibe/funbit/internal/matcher/matcher.go:276.12,277.12 1 0
github.com/funvibe/funbit/internal/matcher/matcher.go:278.13,279.18 1 1
github.com/funvibe/funbit/internal/matcher/matcher.go:280.14,281.18 1 1
github.com/funvibe/funbit/internal/matcher/matcher.go:282.14,283.18 1 0
github.com/funvibe/funbit/internal/matcher/matcher.go:284.14,285.18 1 0
github.com/funvibe/funbit/internal/matcher/matcher.go:286.10,288.9 1 1
github.com/funvibe/funbit/internal/matcher/matcher.go:291.2,291.37 1 1
github.com/funvibe/funbit/internal/matcher/matcher.go:295.84,296.26 1 1
github.com/funvibe/funbit/internal/matcher/matcher.go:296.26,298.3 1 0
github.com/funvibe/funbit/internal/matcher/matcher.go:301.2,301.42 1 1
github.com/funvibe/funbit/internal/matcher/matcher.go:301.42,302.32 1 1
github.com/funvibe/funbit/internal/matcher/matcher.go:302.32,304.4 1 1
github.com/funvibe/funbit/internal/matcher/matcher.go:308.2,308.32 1 1
github.com/funvibe/funbit/internal/matcher/matcher.go:308.32,310.43 1 0
github.com/funvibe/funbit/internal/matcher/matcher.go:310.43,311.69 1 0
github.com/funvibe/funbit/internal/matcher/matcher.go:311.69,313.5 1 0
github.com/funvibe/funbit/internal/matcher/matcher.go:318.2,318.11 1 1
github.com/funvibe/funbit/internal/matcher/matcher.go:322.147,325.28 2 1
github.com/funvibe/funbit/internal/matcher/matcher.go:325.28,327.3 1 1
github.com/funvibe/funbit/internal/matcher/matcher.go:327.8,329.3 1 1
github.com/funvibe/funbit/internal/matcher/matcher.go:332.2,334.46 2 1
github.com/funvibe/funbit/internal/matcher/matcher.go:334.46,338.3 1 0
github.com/funvibe/funbit/internal/matcher/matcher.go:341.2,342.45 2 1
github.com/funvibe/funbit/internal/matcher/matcher.go:342.45,345.32 2 0
github.com/funvibe/funbit/internal/matcher/matcher.go:345.32,347.4 1 0
github.com/funvibe/funbit/internal/matcher/matcher.go:351.2,351.47 1 1
github.com/funvibe/funbit/internal/matcher/matcher.go:351.47,355.3 1 1
github.com/funvibe/funbit/internal/matcher/matcher.go:358.2,359.16 2 1
github.com/funvibe/funbit/internal/matcher/matcher.go:359.16,361.3 1 0
github.com/funvibe/funbit/internal/matcher/matcher.go:364.2,364.58 1 1
github.com/funvibe/funbit/internal/matcher/matcher.go:364.58,366.3 1 0
github.com/funvibe/funbit/internal/matcher/matcher.go:369.2,370.40 2 1
github.com/funvibe/funbit/internal/matcher/matcher.go:370.40,376.30 4 1
github.com/funvibe/funbit/internal/matcher/matcher.go:376.30,379.4 1 1
github.com/funvibe/funbit/internal/matcher/matcher.go:379.9,382.4 1 0
github.com/funvibe/funbit/internal/matcher/matcher.go:383.8,386.3 1 1
github.com/funvibe/funbit/internal/matcher/matcher.go:388.2,394.51 2 1
github.com/funvibe/funbit/internal/matcher/matcher.go:398.145,399.28 1 1
github.com/funvibe/funbit/internal/matcher/matcher.go:399.28,401.3 1 0
github.com/funvibe/funbit/internal/matcher/matcher.go:403.2,406.71 3 1
github.com/funvibe/funbit/internal/matcher/matcher.go:406.71,410.3 1 0
github.com/funvibe/funbit/internal/matcher/matcher.go:413.2,413.40 1 1
github.com/funvibe/funbit/internal/matcher/matcher.go:413.40,417.3 1 0
github.com/funvibe/funbit/internal/matcher/matcher.go:420.2,421.16 2 1
github.com/funvibe/funbit/internal/matcher/matcher.go:421.16,423.3 1 0
github.com/funvibe/funbit/internal/matcher/matcher.go:426.2,426.63 1 1
github.com/funvibe/funbit/internal/matcher/matcher.go:426.63,428.3 1 0
github.com/funvibe/funbit/internal/matcher/matcher.go:431.2,432.40 2 1
github.com/funvibe/funbit/internal/matcher/matcher.go:432.40,434.3 1 0
github.com/funvibe/funbit/internal/matcher/matcher.go:434.8,436.3 1 1
github.com/funvibe/funbit/internal/matcher/matcher.go:438.2,444.44 2 1
github.com/funvibe/funbit/internal/matcher/matcher.go:448.146,451.28 2 1
github.com/funvibe/funbit/internal/matcher/matcher.go:451.28,455.16 3 0
github.com/funvibe/funbit/internal/matcher/matcher.go:455.16,457.4 1 0
github.com/funvibe/funbit/internal/matcher/matcher.go:458.8,460.16 2 1
github.com/funvibe/funbit/internal/matcher/matcher.go:460.16,464.17 3 0
github.com/funvibe/funbit/internal/matcher/matcher.go:464.17,466.5 1 0
github.com/funvibe/funbit/internal/matcher/matcher.go:472.2,475.40 2 1
github.com/funvibe/funbit/internal/matcher/matcher.go:475.40,479.3 1 0
github.com/funvibe/funbit/internal/matcher/matcher.go:482.2,483.16 2 1
github.com/funvibe/funbit/internal/matcher/matcher.go:483.16,485.3 1 0
github.com/funvibe/funbit/internal/matcher/matcher.go:488.2,488.64 1 1
github.com/funvibe/funbit/internal/matcher/matcher.go:488.64,490.3 1 0
github.com/funvibe/funbit/internal/matcher/matcher.go:493.2,494.40 2 1
github.com/funvibe/funbit/internal/matcher/matcher.go:494.40,496.3 1 0
github.com/funvibe/funbit/internal/matcher/matcher.go:496.8,498.3 1 1
github.com/funvibe/funbit/internal/matcher/matcher.go:500.2,506.44 2 1
github.com/funvibe/funbit/internal/matcher/matcher.go:510.149,512.16 2 1
github.com/funvibe/funbit/internal/matcher/matcher.go:512.16,514.3 1 0
github.com/funvibe/funbit/internal/matcher/matcher.go:516.2,517.16 2 1
github.com/funvibe/funbit/internal/matcher/matcher.go:517.16,519.3 1 0
github.com/funvibe/funbit/internal/matcher/matcher.go:521.2,521.67 1 1
github.com/funvibe/funbit/internal/matcher/matcher.go:521.67,523.3 1 0
github.com/funvibe/funbit/internal/matcher/matcher.go:525.2,526.44 2 1
github.com/funvibe/funbit/internal/matcher/matcher.go:530.137,532.16 2 1
github.com/funvibe/funbit/internal/matcher/matcher.go:532.16,534.3 1 0
github.com/funvibe/funbit/internal/matcher/matcher.go:536.2,537.24 2 1
github.com/funvibe/funbit/internal/matcher/matcher.go:537.24,541.3 1 0
github.com/funvibe/funbit/internal/matcher/matcher.go:543.2,543.40 1 1
github.com/funvibe/funbit/internal/matcher/matcher.go:543.40,547.3 1 0
github.com/funvibe/funbit/internal/matcher/matcher.go:549.2,549.27 1 1
github.com/funvibe/funbit/internal/matcher/matcher.go:553.133,554.49 1 1
github.com/funvibe/funbit/internal/matcher/matcher.go:554.49,557.25 2 1
github.com/funvibe/funbit/internal/matcher/matcher.go:557.25,559.4 1 1
github.com/funvibe/funbit/internal/matcher/matcher.go:560.3,560.28 1 1
github.com/funvibe/funbit/internal/matcher/matcher.go:563.2,563.26 1 0
github.com/funvibe/funbit/internal/matcher/matcher.go:567.161,569.40 2 1
github.com/funvibe/funbit/internal/matcher/matcher.go:569.40,571.3 1 1
github.com/funvibe/funbit/internal/matcher/matcher.go:571.8,573.3 1 1
github.com/funvibe/funbit/internal/matcher/matcher.go:575.2,579.3 1 1
github.com/funvibe/funbit/internal/matcher/matcher.go:583.143,587.22 2 1
github.com/funvibe/funbit/internal/matcher/matcher.go:588.29,589.19 1 1
github.com/funvibe/funbit/internal/matcher/matcher.go:590.30,591.20 1 0
github.com/funvibe/funbit/internal/matcher/matcher.go:592.30,593.20 1 0
github.com/funvibe/funbit/internal/matcher/matcher.go:594.28,596.19 1 0
github.com/funvibe/funbit/internal/matcher/matcher.go:597.10,598.70 1 0
github.com/funvibe/funbit/internal/matcher/matcher.go:602.2,602.23 1 1
github.com/funvibe/funbit/internal/matcher/matcher.go:602.23,604.3 1 0
github.com/funvibe/funbit/internal/matcher/matcher.go:608.2,609.16 2 1
github.com/funvibe/funbit/internal/matcher/matcher.go:609.16,611.3 1 0
github.com/funvibe/funbit/internal/matcher/matcher.go:614.2,614.61 1 1
github.com/funvibe/funbit/internal/matcher/matcher.go:614.61,616.3 1 0
github.com/funvibe/funbit/internal/matcher/matcher.go:619.2,621.39 3 1
github.com/funvibe/funbit/internal/matcher/matcher.go:621.39,623.3 1 0
github.com/funvibe/funbit/internal/matcher/matcher.go:623.8,625.3 1 1
github.com/funvibe/funbit/internal/matcher/matcher.go:627.2,633.43 2 1
github.com/funvibe/funbit/internal/matcher/matcher.go:637.118,643.20 4 1
github.com/funvibe/funbit/internal/matcher/matcher.go:643.20,645.3 1 1
github.com/funvibe/funbit/internal/matcher/matcher.go:647.2,648.46 2 1
github.com/funvibe/funbit/internal/matcher/matcher.go:648.46,650.3 1 1
github.com/funvibe/funbit/internal/matcher/matcher.go:652.2,654.14 2 1
github.com/funvibe/funbit/internal/matcher/matcher.go:655.10,658.24 2 1
github.com/funvibe/funbit/internal/matcher/matcher.go:659.39,660.49 1 1
github.com/funvibe/funbit/internal/matcher/matcher.go:661.38,662.52 1 0
github.com/funvibe/funbit/internal/matcher/matcher.go:663.38,664.52 1 0
github.com/funvibe/funbit/internal/matcher/matcher.go:664.52,666.5 1 0
github.com/funvibe/funbit/internal/matcher/matcher.go:666.10,668.5 1 0
github.com/funvibe/funbit/internal/matcher/matcher.go:669.11,670.69 1 1
github.com/funvibe/funbit/internal/matcher/matcher.go:673.3,674.57 2 1
github.com/funvibe/funbit/internal/matcher/matcher.go:675.10,677.24 2 1
github.com/funvibe/funbit/internal/matcher/matcher.go:678.39,679.49 1 1
github.com/funvibe/funbit/internal/matcher/matcher.go:680.38,681.52 1 1
github.com/funvibe/funbit/internal/matcher/matcher.go:682.38,683.52 1 0
github.com/funvibe/funbit/internal/matcher/matcher.go:683.52,685.5 1 0
github.com/funvibe/funbit/internal/matcher/matcher.go:685.10,687.5 1 0
github.com/funvibe/funbit/internal/matcher/matcher.go:688.11,689.69 1 0
github.com/funvibe/funbit/internal/matcher/matcher.go:691.3,691.50 1 1
github.com/funvibe/funbit/internal/matcher/matcher.go:692.10,694.24 2 1
github.com/funvibe/funbit/internal/matcher/matcher.go:695.39,696.49 1 1
github.com/funvibe/funbit/internal/matcher/matcher.go:697.38,698.52 1 0
github.com/funvibe/funbit/internal/matcher/matcher.go:699.38,700.52 1 0
github.com/funvibe/funbit/internal/matcher/matcher.go:700.52,702.5 1 0
github.com/funvibe/funbit/internal/matcher/matcher.go:702.10,704.5 1 0
github.com/funvibe/funbit/internal/matcher/matcher.go:705.11,706.69 1 0
github.com/funvibe/funbit/internal/matcher/matcher.go:708.3,708.41 1 1
github.com/funvibe/funbit/internal/matcher/matcher.go:709.10,710.59 1 1
github.com/funvibe/funbit/internal/matcher/matcher.go:715.96,721.35 4 1
github.com/funvibe/funbit/internal/matcher/matcher.go:721.35,723.3 1 0
github.com/funvibe/funbit/internal/matcher/matcher.go:726.2,727.46 2 1
github.com/funvibe/funbit/internal/matcher/matcher.go:727.46,729.3 1 0
github.com/funvibe/funbit/internal/matcher/matcher.go:732.2,734.20 3 1
github.com/funvibe/funbit/internal/matcher/matcher.go:738.86,739.32 1 1
github.com/funvibe/funbit/internal/matcher/matcher.go:739.32,741.3 1 0
github.com/funvibe/funbit/internal/matcher/matcher.go:743.2,743.17 1 1
github.com/funvibe/funbit/internal/matcher/matcher.go:743.17,745.3 1 1
github.com/funvibe/funbit/internal/matcher/matcher.go:747.2,747.38 1 1
github.com/funvibe/funbit/internal/matcher/matcher.go:747.38,749.3 1 0
github.com/funvibe/funbit/internal/matcher/matcher.go:752.2,754.36 2 1
github.com/funvibe/funbit/internal/matcher/matcher.go:754.36,763.15 7 1
github.com/funvibe/funbit/internal/matcher/matcher.go:763.15,765.4 1 1
github.com/funvibe/funbit/internal/matcher/matcher.go:768.2,768.25 1 1
github.com/funvibe/funbit/internal/matcher/matcher.go:772.122,773.67 1 1
github.com/funvibe/funbit/internal/matcher/matcher.go:773.67,775.3 1 0
github.com/funvibe/funbit/internal/matcher/matcher.go:777.2,779.31 2 1
github.com/funvibe/funbit/internal/matcher/matcher.go:779.31,781.3 1 1
github.com/funvibe/funbit/internal/matcher/matcher.go:783.2,783.44 1 1
github.com/funvibe/funbit/internal/matcher/matcher.go:787.84,788.31 1 1
github.com/funvibe/funbit/internal/matcher/matcher.go:788.31,790.3 1 1
github.com/funvibe/funbit/internal/matcher/matcher.go:791.2,791.12 1 1
github.com/funvibe/funbit/internal/matcher/matcher.go:795.109,796.25 1 1
github.com/funvibe/funbit/internal/matcher/matcher.go:796.25,798.3 1 0
github.com/funvibe/funbit/internal/matcher/matcher.go:800.2,800.15 1 1
github.com/funvibe/funbit/internal/matcher/matcher.go:800.15,802.3 1 1
github.com/funvibe/funbit/internal/matcher/matcher.go:804.2,808.16 4 1
github.com/funvibe/funbit/internal/matcher/matcher.go:808.16,810.3 1 0
github.com/funvibe/funbit/internal/matcher/matcher.go:812.2,812.65 1 1
github.com/funvibe/funbit/internal/matcher/matcher.go:816.85,821.57 4 1
github.com/funvibe/funbit/internal/matcher/matcher.go:821.57,823.24 2 1
github.com/funvibe/funbit/internal/matcher/matcher.go:823.24,825.4 1 0
github.com/funvibe/funbit/internal/matcher/matcher.go:827.3,828.17 2 1
github.com/funvibe/funbit/internal/matcher/matcher.go:828.17,830.4 1 0
github.com/funvibe/funbit/internal/matcher/matcher.go:832.3,835.33 4 1
github.com/funvibe/funbit/internal/matcher/matcher.go:838.2,838.12 1 1
github.com/funvibe/funbit/internal/matcher/matcher.go:842.87,843.23 1 1
github.com/funvibe/funbit/internal/matcher/matcher.go:843.23,845.3 1 1
github.com/funvibe/funbit/internal/matcher/matcher.go:847.2,848.43 2 1
github.com/funvibe/funbit/internal/matcher/matcher.go:848.43,851.3 2 1
github.com/funvibe/funbit/internal/matcher/matcher.go:854.2,854.23 1 1
github.com/funvibe/funbit/internal/matcher/matcher.go:854.23,856.3 1 1
github.com/funvibe/funbit/internal/matcher/matcher.go:858.2,858.27 1 1
github.com/funvibe/funbit/internal/matcher/matcher.go:862.77,863.21 1 1
github.com/funvibe/funbit/internal/matcher/matcher.go:863.21,865.3 1 0
github.com/funvibe/funbit/internal/matcher/matcher.go:868.2,871.31 2 1
github.com/funvibe/funbit/internal/matcher/matcher.go:871.31,873.3 1 0
github.com/funvibe/funbit/internal/matcher/matcher.go:876.2,879.19 2 1
github.com/funvibe/funbit/internal/matcher/matcher.go:879.19,881.3 1 0
github.com/funvibe/funbit/internal/matcher/matcher.go:884.2,884.20 1 1
github.com/funvibe/funbit/internal/matcher/matcher.go:885.23,886.22 1 0
github.com/funvibe/funbit/internal/matcher/matcher.go:887.23,888.22 1 1
github.com/funvibe/funbit/internal/matcher/matcher.go:889.10,890.71 1 0
github.com/funvibe/funbit/internal/matcher/matcher.go:893.2,893.12 1 1
github.com/funvibe/funbit/internal/matcher/matcher.go:897.77,898.21 1 1
github.com/funvibe/funbit/internal/matcher/matcher.go:898.21,900.3 1 0
github.com/funvibe/funbit/internal/matcher/matcher.go:903.2,906.31 2 1
github.com/funvibe/funbit/internal/matcher/matcher.go:906.31,908.3 1 0
github.com/funvibe/funbit/internal/matcher/matcher.go:911.2,914.19 2 1
github.com/funvibe/funbit/internal/matcher/matcher.go:914.19,916.3 1 0
github.com/funvibe/funbit/internal/matcher/matcher.go:919.2,919.20 1 1
github.com/funvibe/funbit/internal/matcher/matcher.go:920.21,921.48 1 1
github.com/funvibe/funbit/internal/matcher/matcher.go:921.48,924.4 1 1
github.com/funvibe/funbit/internal/matcher/matcher.go:924.9,926.4 1 0
github.com/funvibe/funbit/internal/matcher/matcher.go:927.22,928.31 1 0
github.com/funvibe/funbit/internal/matcher/matcher.go:929.10,930.72 1 0
github.com/funvibe/funbit/internal/matcher/matcher.go:933.2,933.12 1 1
github.com/funvibe/funbit/internal/matcher/matcher.go:937.131,943.35 4 1
github.com/funvibe/funbit/internal/matcher/matcher.go:943.35,945.3 1 0
github.com/funvibe/funbit/internal/matcher/matcher.go:948.2,949.46 2 1
github.com/funvibe/funbit/internal/matcher/matcher.go:949.46,951.3 1 0
github.com/funvibe/funbit/internal/matcher/matcher.go:953.2,955.23 2 1
github.com/funvibe/funbit/internal/matcher/matcher.go:956.38,957.62 1 1
github.com/funvibe/funbit/internal/matcher/matcher.go:958.37,959.65 1 0
github.com/funvibe/funbit/internal/matcher/matcher.go:960.37,961.59 1 0
github.com/funvibe/funbit/internal/matcher/matcher.go:962.10,963.68 1 0
github.com/funvibe/funbit/internal/matcher/matcher.go:968.90,969.42 1 1
github.com/funvibe/funbit/internal/matcher/matcher.go:969.42,971.3 1 0
github.com/funvibe/funbit/internal/matcher/matcher.go:972.2,972.18 1 1
github.com/funvibe/funbit/internal/matcher/matcher.go:972.18,974.3 1 0
github.com/funvibe/funbit/internal/matcher/matcher.go:975.2,975.18 1 1
github.com/funvibe/funbit/internal/matcher/matcher.go:975.18,977.3 1 0
github.com/funvibe/funbit/internal/matcher/matcher.go:979.2,980.37 2 1
github.com/funvibe/funbit/internal/matcher/matcher.go:980.37,987.3 5 1
github.com/funvibe/funbit/internal/matcher/matcher.go:990.2,990.27 1 1
github.com/funvibe/funbit/internal/matcher/matcher.go:990.27,993.21 2 1
github.com/funvibe/funbit/internal/matcher/matcher.go:993.21,997.4 2 1
github.com/funvibe/funbit/internal/matcher/matcher.go:1000.2,1000.26 1 1
github.com/funvibe/funbit/internal/matcher/matcher.go:1004.93,1007.25 2 1
github.com/funvibe/funbit/internal/matcher/matcher.go:1007.25,1009.3 1 1
github.com/funvibe/funbit/internal/matcher/matcher.go:1012.2,1012.24 1 1
github.com/funvibe/funbit/internal/matcher/matcher.go:1012.24,1015.22 2 0
github.com/funvibe/funbit/internal/matcher/matcher.go:1015.22,1019.4 2 0
github.com/funvibe/funbit/internal/matcher/matcher.go:1022.2,1022.27 1 1
github.com/funvibe/funbit/internal/matcher/matcher.go:1026.96,1029.38 2 1
github.com/funvibe/funbit/internal/matcher/matcher.go:1029.38,1031.3 1 1
github.com/funvibe/funbit/internal/matcher/matcher.go:1034.2,1034.24 1 1
github.com/funvibe/funbit/internal/matcher/matcher.go:1034.24,1037.22 2 1
github.com/funvibe/funbit/internal/matcher/matcher.go:1037.22,1041.4 2 1
github.com/funvibe/funbit/internal/matcher/matcher.go:1044.2,1044.27 1 1
github.com/funvibe/funbit/internal/matcher/matcher.go:1048.90,1049.50 1 1
github.com/funvibe/funbit/internal/matcher/matcher.go:1049.50,1050.20 1 1
github.com/funvibe/funbit/internal/matcher/matcher.go:1051.10,1053.26 2 1
github.com/funvibe/funbit/internal/matcher/matcher.go:1053.26,1055.24 2 1
github.com/funvibe/funbit/internal/matcher/matcher.go:1055.24,1058.6 2 1
github.com/funvibe/funbit/internal/matcher/matcher.go:1060.4,1060.29 1 1
github.com/funvibe/funbit/internal/matcher/matcher.go:1061.10,1063.26 2 1
github.com/funvibe/funbit/internal/matcher/matcher.go:1063.26,1065.24 2 1
github.com/funvibe/funbit/internal/matcher/matcher.go:1065.24,1068.6 2 1
github.com/funvibe/funbit/internal/matcher/matcher.go:1070.4,1070.29 1 1
github.com/funvibe/funbit/internal/matcher/matcher.go:1071.10,1073.26 2 1
github.com/funvibe/funbit/internal/matcher/matcher.go:1073.26,1075.24 2 1
github.com/funvibe/funbit/internal/matcher/matcher.go:1075.24,1078.6 2 1
github.com/funvibe/funbit/internal/matcher/matcher.go:1080.4,1080.29 1 1
github.com/funvibe/funbit/internal/matcher/matcher.go:1081.10,1083.26 2 1
github.com/funvibe/funbit/internal/matcher/matcher.go:1083.26,1085.24 2 0
github.com/funvibe/funbit/internal/matcher/matcher.go:1085.24,1088.6 2 0
github.com/funvibe/funbit/internal/matcher/matcher.go:1090.4,1090.29 1 1
github.com/funvibe/funbit/internal/matcher/matcher.go:1091.11,1093.57 1 1
github.com/funvibe/funbit/internal/matcher/matcher.go:1095.8,1097.20 1 0
github.com/funvibe/funbit/internal/matcher/matcher.go:1098.10,1100.26 2 0
github.com/funvibe/funbit/internal/matcher/matcher.go:1100.26,1102.24 2 0
github.com/funvibe/funbit/internal/matcher/matcher.go:1102.24,1105.6 2 0
github.com/funvibe/funbit/internal/matcher/matcher.go:1107.4,1107.29 1 0
github.com/funvibe/funbit/internal/matcher/matcher.go:1108.10,1110.26 2 0
github.com/funvibe/funbit/internal/matcher/matcher.go:1110.26,1112.24 2 0
github.com/funvibe/funbit/internal/matcher/matcher.go:1112.24,1115.6 2 0
github.com/funvibe/funbit/internal/matcher/matcher.go:1117.4,1117.29 1 0
github.com/funvibe/funbit/internal/matcher/matcher.go:1118.10,1120.26 2 0
github.com/funvibe/funbit/internal/matcher/matcher.go:1120.26,1122.24 2 0
github.com/funvibe/funbit/internal/matcher/matcher.go:1122.24,1125.6 2 0
github.com/funvibe/funbit/internal/matcher/matcher.go:1127.4,1127.29 1 0
github.com/funvibe/funbit/internal/matcher/matcher.go:1128.10,1130.26 2 0
github.com/funvibe/funbit/internal/matcher/matcher.go:1130.26,1132.24 2 0
github.com/funvibe/funbit/internal/matcher/matcher.go:1132.24,1135.6 2 0
github.com/funvibe/funbit/internal/matcher/matcher.go:1137.4,1137.29 1 0
github.com/funvibe/funbit/internal/matcher/matcher.go:1138.11,1140.54 1 0
github.com/funvibe/funbit/internal/matcher/matcher.go:1146.70,1147.21 1 1
github.com/funvibe/funbit/internal/matcher/matcher.go:1147.21,1149.3 1 0
github.com/funvibe/funbit/internal/matcher/matcher.go:1152.2,1155.31 2 1
github.com/funvibe/funbit/internal/matcher/matcher.go:1155.31,1157.3 1 0
github.com/funvibe/funbit/internal/matcher/matcher.go:1160.2,1163.19 2 1
github.com/funvibe/funbit/internal/matcher/matcher.go:1163.19,1165.3 1 0
github.com/funvibe/funbit/internal/matcher/matcher.go:1168.2,1168.20 1 1
github.com/funvibe/funbit/internal/matcher/matcher.go:1170.79,1170.79 0 1
github.com/funvibe/funbit/internal/matcher/matcher.go:1172.10,1175.24 1 0
github.com/funvibe/funbit/internal/matcher/matcher.go:1179.2,1179.20 1 1
github.com/funvibe/funbit/internal/matcher/matcher.go:1180.19,1181.20 1 1
github.com/funvibe/funbit/internal/matcher/matcher.go:1182.20,1183.20 1 1
github.com/funvibe/funbit/internal/matcher/matcher.go:1184.21,1185.20 1 1
github.com/funvibe/funbit/internal/matcher/matcher.go:1186.21,1187.20 1 1
github.com/funvibe/funbit/internal/matcher/matcher.go:1188.21,1189.20 1 1
github.com/funvibe/funbit/internal/matcher/matcher.go:1190.20,1191.29 1 1
github.com/funvibe/funbit/internal/matcher/matcher.go:1192.21,1193.29 1 1
github.com/funvibe/funbit/internal/matcher/matcher.go:1194.22,1195.29 1 1
github.com/funvibe/funbit/internal/matcher/matcher.go:1196.22,1197.29 1 1
github.com/funvibe/funbit/internal/matcher/matcher.go:1198.22,1199.29 1 1
github.com/funvibe/funbit/internal/matcher/matcher.go:1202.2,1202.12 1 1
github.com/funvibe/funbit/internal/matcher/matcher.go:1206.105,1207.27 1 1
github.com/funvibe/funbit/internal/matcher/matcher.go:1207.27,1209.3 1 1
github.com/funvibe/funbit/internal/matcher/matcher.go:1211.2,1216.20 5 1
github.com/funvibe/funbit/internal/matcher/matcher.go:1216.20,1219.3 1 1
github.com/funvibe/funbit/internal/matcher/matcher.go:1222.2,1228.40 5 1
github.com/funvibe/funbit/internal/matcher/matcher.go:1228.40,1230.40 2 1
github.com/funvibe/funbit/internal/matcher/matcher.go:1230.40,1232.4 1 0
github.com/funvibe/funbit/internal/matcher/matcher.go:1234.3,1243.24 7 1
github.com/funvibe/funbit/internal/matcher/matcher.go:1243.24,1245.4 1 1
github.com/funvibe/funbit/internal/matcher/matcher.go:1249.2,1249.56 1 1
github.com/funvibe/funbit/internal/matcher/matcher.go:1249.56,1254.3 4 1
github.com/funvibe/funbit/internal/matcher/matcher.go:1257.2,1257.54 1 1
github.com/funvibe/funbit/internal/matcher/matcher.go:1257.54,1262.42 4 0
github.com/funvibe/funbit/internal/matcher/matcher.go:1262.42,1264.4 1 0
github.com/funvibe/funbit/internal/matcher/matcher.go:1267.2,1267.69 1 1
github.com/funvibe/funbit/internal/matcher/matcher.go:1271.121,1277.20 4 1
github.com/funvibe/funbit/internal/matcher/matcher.go:1277.20,1279.3 1 0
github.com/funvibe/funbit/internal/matcher/matcher.go:1281.2,1281.35 1 1
github.com/funvibe/funbit/internal/matcher/matcher.go:1281.35,1283.3 1 0
github.com/funvibe/funbit/internal/matcher/matcher.go:1285.2,1287.17 2 1
github.com/funvibe/funbit/internal/matcher/matcher.go:1288.14,1289.38 1 1
github.com/funvibe/funbit/internal/matcher/matcher.go:1290.15,1291.51 1 0
github.com/funvibe/funbit/internal/matcher/matcher.go:1292.15,1293.51 1 0
github.com/funvibe/funbit/internal/matcher/matcher.go:1294.10,1295.64 1 0
github.com/funvibe/funbit/internal/matcher/matcher.go:1300.66,1301.20 1 1
github.com/funvibe/funbit/internal/matcher/matcher.go:1301.20,1303.3 1 0
github.com/funvibe/funbit/internal/matcher/matcher.go:1306.2,1308.41 2 1
github.com/funvibe/funbit/internal/matcher/matcher.go:1308.41,1310.27 1 1
github.com/funvibe/funbit/internal/matcher/matcher.go:1310.27,1312.4 1 1
github.com/funvibe/funbit/internal/matcher/matcher.go:1313.3,1313.53 1 1
github.com/funvibe/funbit/internal/matcher/matcher.go:1316.2,1316.28 1 1
github.com/funvibe/funbit/internal/matcher/matcher.go:1316.28,1318.3 1 0
github.com/funvibe/funbit/internal/matcher/matcher.go:1320.2,1320.38 1 1
github.com/funvibe/funbit/internal/matcher/matcher.go:1324.89,1325.19 1 1
github.com/funvibe/funbit/internal/matcher/matcher.go:1325.19,1327.3 1 1
github.com/funvibe/funbit/internal/matcher/matcher.go:1330.2,1331.29 2 1
github.com/funvibe/funbit/internal/matcher/matcher.go:1331.29,1333.3 1 0
github.com/funvibe/funbit/internal/matcher/matcher.go:1336.2,1337.23 2 1
github.com/funvibe/funbit/internal/matcher/matcher.go:1338.38,1339.47 1 1
github.com/funvibe/funbit/internal/matcher/matcher.go:1340.37,1341.50 1 1
github.com/funvibe/funbit/internal/matcher/matcher.go:1342.37,1343.51 1 0
github.com/funvibe/funbit/internal/matcher/matcher.go:1343.51,1345.4 1 0
github.com/funvibe/funbit/internal/matcher/matcher.go:1345.9,1347.4 1 0
github.com/funvibe/funbit/internal/matcher/matcher.go:1348.10,1349.72 1 0
github.com/funvibe/funbit/internal/matcher/matcher.go:1354.2,1354.46 1 1
github.com/funvibe/funbit/internal/matcher/matcher.go:1354.46,1356.20 1 1
github.com/funvibe/funbit/internal/matcher/matcher.go:1356.20,1358.4 1 1
github.com/funvibe/funbit/internal/matcher/matcher.go:1360.3,1361.24 2 1
github.com/funvibe/funbit/internal/matcher/matcher.go:1362.39,1363.50 1 1
github.com/funvibe/funbit/internal/matcher/matcher.go:1364.38,1365.53 1 0
github.com/funvibe/funbit/internal/matcher/matcher.go:1366.38,1367.52 1 0
github.com/funvibe/funbit/internal/matcher/matcher.go:1367.52,1369.5 1 0
github.com/funvibe/funbit/internal/matcher/matcher.go:1369.10,1371.5 1 0
github.com/funvibe/funbit/internal/matcher/matcher.go:1375.3,1376.47 1 1
github.com/funvibe/funbit/internal/matcher/matcher.go:1376.47,1382.64 4 1
github.com/funvibe/funbit/internal/matcher/matcher.go:1382.64,1384.5 1 0
github.com/funvibe/funbit/internal/matcher/matcher.go:1386.4,1386.42 1 1
github.com/funvibe/funbit/internal/matcher/matcher.go:1389.3,1389.63 1 1
github.com/funvibe/funbit/internal/matcher/matcher.go:1393.2,1393.37 1 1
github.com/funvibe/funbit/internal/matcher/matcher.go:1393.37,1395.3 1 0
github.com/funvibe/funbit/internal/matcher/matcher.go:1397.2,1397.39 1 1
github.com/funvibe/funbit/internal/matcher/matcher.go:1401.89,1402.19 1 1
github.com/funvibe/funbit/internal/matcher/matcher.go:1402.19,1404.3 1 1
github.com/funvibe/funbit/internal/matcher/matcher.go:1407.2,1408.23 2 1
github.com/funvibe/funbit/internal/matcher/matcher.go:1409.38,1410.48 1 1
github.com/funvibe/funbit/internal/matcher/matcher.go:1411.37,1412.51 1 1
github.com/funvibe/funbit/internal/matcher/matcher.go:1413.37,1414.51 1 0
github.com/funvibe/funbit/internal/matcher/matcher.go:1414.51,1416.4 1 0
github.com/funvibe/funbit/internal/matcher/matcher.go:1416.9,1418.4 1 0
github.com/funvibe/funbit/internal/matcher/matcher.go:1419.10,1420.72 1 0
github.com/funvibe/funbit/internal/matcher/matcher.go:1424.2,1424.74 1 1
github.com/funvibe/funbit/internal/matcher/matcher.go:1424.74,1426.3 1 1
github.com/funvibe/funbit/internal/matcher/matcher.go:1428.2,1428.38 1 1
github.com/funvibe/funbit/internal/matcher/matcher.go:1428.38,1430.3 1 0
github.com/funvibe/funbit/internal/matcher/matcher.go:1432.2,1432.40 1 1
github.com/funvibe/funbit/internal/matcher/matcher.go:1436.74,1437.21 1 1
github.com/funvibe/funbit/internal/matcher/matcher.go:1437.21,1439.3 1 0
github.com/funvibe/funbit/internal/matcher/matcher.go:1442.2,1445.31 2 1
github.com/funvibe/funbit/internal/matcher/matcher.go:1445.31,1447.3 1 0
github.com/funvibe/funbit/internal/matcher/matcher.go:1450.2,1453.19 2 1
github.com/funvibe/funbit/internal/matcher/matcher.go:1453.19,1455.3 1 0
github.com/funvibe/funbit/internal/matcher/matcher.go:1458.2,1458.20 1 1
github.com/funvibe/funbit/internal/matcher/matcher.go:1459.22,1460.23 1 1
github.com/funvibe/funbit/internal/matcher/matcher.go:1461.10,1462.69 1 0
github.com/funvibe/funbit/internal/matcher/matcher.go:1465.2,1465.12 1 1
github.com/funvibe/funbit/internal/matcher/matcher.go:1469.124,1480.2 3 1
github.com/funvibe/funbit/internal/matcher/matcher.go:1483.150,1487.26 2 1
github.com/funvibe/funbit/internal/matcher/matcher.go:1487.26,1489.3 1 0
github.com/funvibe/funbit/internal/matcher/matcher.go:1492.2,1493.16 2 1
github.com/funvibe/funbit/internal/matcher/matcher.go:1493.16,1495.3 1 0
github.com/funvibe/funbit/internal/matcher/matcher.go:1498.2,1498.64 1 1
github.com/funvibe/funbit/internal/matcher/matcher.go:1498.64,1500.3 1 0
github.com/funvibe/funbit/internal/matcher/matcher.go:1502.2,1503.31 2 1
github.com/funvibe/funbit/internal/matcher/matcher.go:1507.153,1514.37 3 1
github.com/funvibe/funbit/internal/matcher/matcher.go:1514.37,1516.3 1 0
github.com/funvibe/funbit/internal/matcher/matcher.go:1519.2,1519.67 1 1
github.com/funvibe/funbit/internal/matcher/matcher.go:1519.67,1521.3 1 0
github.com/funvibe/funbit/internal/matcher/matcher.go:1523.2,1524.31 2 1
github.com/funvibe/funbit/internal/matcher/matcher.go:1528.97,1529.21 1 1
github.com/funvibe/funbit/internal/matcher/matcher.go:1529.21,1531.3 1 0
github.com/funvibe/funbit/internal/matcher/matcher.go:1534.2,1537.31 2 1
github.com/funvibe/funbit/internal/matcher/matcher.go:1537.31,1539.3 1 0
github.com/funvibe/funbit/internal/matcher/matcher.go:1542.2,1545.19 2 1
github.com/funvibe/funbit/internal/matcher/matcher.go:1545.19,1547.3 1 0
github.com/funvibe/funbit/internal/matcher/matcher.go:1550.2,1550.20 1 1
github.com/funvibe/funbit/internal/matcher/matcher.go:1551.19,1553.62 1 1
github.com/funvibe/funbit/internal/matcher/matcher.go:1553.62,1555.4 1 1
github.com/funvibe/funbit/internal/matcher/matcher.go:1555.9,1557.4 1 0
github.com/funvibe/funbit/internal/matcher/matcher.go:1558.10,1559.75 1 0
github.com/funvibe/funbit/internal/matcher/matcher.go:1562.2,1562.12 1 1
