mode: set
github.com/funvibe/funbit/internal/utf/utf.go:37.52,38.72 1 1
github.com/funvibe/funbit/internal/utf/utf.go:38.72,40.3 1 1
github.com/funvibe/funbit/internal/utf/utf.go:43.2,44.68 1 1
github.com/funvibe/funbit/internal/utf/utf.go:44.68,46.3 1 1
github.com/funvibe/funbit/internal/utf/utf.go:48.2,48.12 1 1
github.com/funvibe/funbit/internal/utf/utf.go:52.50,54.2 1 1
github.com/funvibe/funbit/internal/utf/utf.go:60.36,62.2 1 1
github.com/funvibe/funbit/internal/utf/utf.go:65.61,66.60 1 1
github.com/funvibe/funbit/internal/utf/utf.go:66.60,68.3 1 1
github.com/funvibe/funbit/internal/utf/utf.go:70.2,72.21 3 1
github.com/funvibe/funbit/internal/utf/utf.go:76.56,77.20 1 1
github.com/funvibe/funbit/internal/utf/utf.go:77.20,79.3 1 1
github.com/funvibe/funbit/internal/utf/utf.go:81.2,82.25 2 1
github.com/funvibe/funbit/internal/utf/utf.go:82.25,84.3 1 1
github.com/funvibe/funbit/internal/utf/utf.go:87.2,87.57 1 1
github.com/funvibe/funbit/internal/utf/utf.go:87.57,89.3 1 0
github.com/funvibe/funbit/internal/utf/utf.go:91.2,91.20 1 1
github.com/funvibe/funbit/internal/utf/utf.go:95.56,96.41 1 1
github.com/funvibe/funbit/internal/utf/utf.go:96.41,98.3 1 1
github.com/funvibe/funbit/internal/utf/utf.go:100.2,100.23 1 1
github.com/funvibe/funbit/internal/utf/utf.go:100.23,102.3 1 1
github.com/funvibe/funbit/internal/utf/utf.go:102.8,102.31 1 1
github.com/funvibe/funbit/internal/utf/utf.go:102.31,104.3 1 1
github.com/funvibe/funbit/internal/utf/utf.go:104.8,104.32 1 1
github.com/funvibe/funbit/internal/utf/utf.go:104.32,106.3 1 1
github.com/funvibe/funbit/internal/utf/utf.go:106.8,108.3 1 1
github.com/funvibe/funbit/internal/utf/utf.go:115.38,117.2 1 1
github.com/funvibe/funbit/internal/utf/utf.go:120.81,121.60 1 1
github.com/funvibe/funbit/internal/utf/utf.go:121.60,123.3 1 1
github.com/funvibe/funbit/internal/utf/utf.go:125.2,125.25 1 1
github.com/funvibe/funbit/internal/utf/utf.go:125.25,128.3 1 1
github.com/funvibe/funbit/internal/utf/utf.go:128.8,138.3 7 1
github.com/funvibe/funbit/internal/utf/utf.go:142.76,143.19 1 1
github.com/funvibe/funbit/internal/utf/utf.go:143.19,145.3 1 1
github.com/funvibe/funbit/internal/utf/utf.go:147.2,149.38 2 1
github.com/funvibe/funbit/internal/utf/utf.go:149.38,152.3 1 1
github.com/funvibe/funbit/internal/utf/utf.go:154.2,154.19 1 1
github.com/funvibe/funbit/internal/utf/utf.go:154.19,156.3 1 0
github.com/funvibe/funbit/internal/utf/utf.go:159.2,159.40 1 1
github.com/funvibe/funbit/internal/utf/utf.go:159.40,161.43 2 1
github.com/funvibe/funbit/internal/utf/utf.go:161.43,166.45 2 1
github.com/funvibe/funbit/internal/utf/utf.go:166.45,168.5 1 0
github.com/funvibe/funbit/internal/utf/utf.go:170.4,170.62 1 1
github.com/funvibe/funbit/internal/utf/utf.go:170.62,172.5 1 0
github.com/funvibe/funbit/internal/utf/utf.go:173.4,173.25 1 1
github.com/funvibe/funbit/internal/utf/utf.go:177.2,177.35 1 1
github.com/funvibe/funbit/internal/utf/utf.go:181.57,182.41 1 1
github.com/funvibe/funbit/internal/utf/utf.go:182.41,184.3 1 1
github.com/funvibe/funbit/internal/utf/utf.go:186.2,186.25 1 1
github.com/funvibe/funbit/internal/utf/utf.go:186.25,188.3 1 1
github.com/funvibe/funbit/internal/utf/utf.go:188.8,190.3 1 1
github.com/funvibe/funbit/internal/utf/utf.go:194.77,196.28 2 1
github.com/funvibe/funbit/internal/utf/utf.go:196.28,199.3 2 1
github.com/funvibe/funbit/internal/utf/utf.go:199.8,203.3 2 1
github.com/funvibe/funbit/internal/utf/utf.go:204.2,204.15 1 1
github.com/funvibe/funbit/internal/utf/utf.go:208.76,209.28 1 1
github.com/funvibe/funbit/internal/utf/utf.go:209.28,211.3 1 1
github.com/funvibe/funbit/internal/utf/utf.go:211.8,214.3 1 1
github.com/funvibe/funbit/internal/utf/utf.go:221.38,223.2 1 1
github.com/funvibe/funbit/internal/utf/utf.go:226.81,227.60 1 1
github.com/funvibe/funbit/internal/utf/utf.go:227.60,229.3 1 1
github.com/funvibe/funbit/internal/utf/utf.go:231.2,231.59 1 1
github.com/funvibe/funbit/internal/utf/utf.go:235.76,236.19 1 1
github.com/funvibe/funbit/internal/utf/utf.go:236.19,238.3 1 1
github.com/funvibe/funbit/internal/utf/utf.go:240.2,241.60 2 1
github.com/funvibe/funbit/internal/utf/utf.go:241.60,243.3 1 1
github.com/funvibe/funbit/internal/utf/utf.go:245.2,245.23 1 1
github.com/funvibe/funbit/internal/utf/utf.go:249.57,250.41 1 1
github.com/funvibe/funbit/internal/utf/utf.go:250.41,252.3 1 1
github.com/funvibe/funbit/internal/utf/utf.go:253.2,253.10 1 1
github.com/funvibe/funbit/internal/utf/utf.go:257.77,259.28 2 1
github.com/funvibe/funbit/internal/utf/utf.go:259.28,264.3 4 1
github.com/funvibe/funbit/internal/utf/utf.go:264.8,270.3 4 1
github.com/funvibe/funbit/internal/utf/utf.go:271.2,271.15 1 1
github.com/funvibe/funbit/internal/utf/utf.go:275.76,276.28 1 1
github.com/funvibe/funbit/internal/utf/utf.go:276.28,278.3 1 1
github.com/funvibe/funbit/internal/utf/utf.go:278.8,281.3 1 1
github.com/funvibe/funbit/internal/utf/utf.go:285.45,286.17 1 1
github.com/funvibe/funbit/internal/utf/utf.go:287.14,288.26 1 1
github.com/funvibe/funbit/internal/utf/utf.go:289.15,290.27 1 1
github.com/funvibe/funbit/internal/utf/utf.go:291.15,292.27 1 1
github.com/funvibe/funbit/internal/utf/utf.go:293.10,294.13 1 1
