mode: set
github.com/funvibe/funbit/internal/protocols/complex.go:21.77,24.16 2 1
github.com/funvibe/funbit/internal/protocols/complex.go:24.16,26.3 1 0
github.com/funvibe/funbit/internal/protocols/complex.go:29.2,30.16 2 1
github.com/funvibe/funbit/internal/protocols/complex.go:30.16,32.3 1 0
github.com/funvibe/funbit/internal/protocols/complex.go:35.2,39.10 1 1
github.com/funvibe/funbit/internal/protocols/complex.go:43.76,48.16 3 1
github.com/funvibe/funbit/internal/protocols/complex.go:48.16,50.3 1 1
github.com/funvibe/funbit/internal/protocols/complex.go:51.2,62.16 6 1
github.com/funvibe/funbit/internal/protocols/complex.go:62.16,64.3 1 0
github.com/funvibe/funbit/internal/protocols/complex.go:65.2,72.45 4 1
github.com/funvibe/funbit/internal/protocols/complex.go:72.45,74.3 1 1
github.com/funvibe/funbit/internal/protocols/complex.go:74.8,76.3 1 0
github.com/funvibe/funbit/internal/protocols/complex.go:78.2,78.21 1 1
github.com/funvibe/funbit/internal/protocols/complex.go:82.57,83.19 1 1
github.com/funvibe/funbit/internal/protocols/complex.go:83.19,85.3 1 1
github.com/funvibe/funbit/internal/protocols/complex.go:88.2,88.63 1 1
github.com/funvibe/funbit/internal/protocols/complex.go:88.63,90.3 1 1
github.com/funvibe/funbit/internal/protocols/complex.go:93.2,93.61 1 1
github.com/funvibe/funbit/internal/protocols/complex.go:93.61,95.3 1 1
github.com/funvibe/funbit/internal/protocols/complex.go:98.2,98.37 1 1
github.com/funvibe/funbit/internal/protocols/complex.go:98.37,100.3 1 1
github.com/funvibe/funbit/internal/protocols/complex.go:103.2,106.58 2 1
github.com/funvibe/funbit/internal/protocols/complex.go:106.58,109.3 1 1
github.com/funvibe/funbit/internal/protocols/complex.go:111.2,111.12 1 1
github.com/funvibe/funbit/internal/protocols/complex.go:115.60,140.29 19 1
github.com/funvibe/funbit/internal/protocols/complex.go:140.29,143.28 2 1
github.com/funvibe/funbit/internal/protocols/complex.go:143.28,145.4 1 0
github.com/funvibe/funbit/internal/protocols/complex.go:146.3,147.64 2 1
github.com/funvibe/funbit/internal/protocols/complex.go:148.8,150.3 1 1
github.com/funvibe/funbit/internal/protocols/complex.go:153.2,156.58 2 1
github.com/funvibe/funbit/internal/protocols/complex.go:156.58,158.3 1 1
github.com/funvibe/funbit/internal/protocols/complex.go:158.8,158.63 1 1
github.com/funvibe/funbit/internal/protocols/complex.go:158.63,160.3 1 1
github.com/funvibe/funbit/internal/protocols/complex.go:160.8,160.63 1 1
github.com/funvibe/funbit/internal/protocols/complex.go:160.63,162.3 1 1
github.com/funvibe/funbit/internal/protocols/complex.go:162.8,162.52 1 1
github.com/funvibe/funbit/internal/protocols/complex.go:162.52,164.3 1 1
github.com/funvibe/funbit/internal/protocols/complex.go:164.8,166.3 1 1
github.com/funvibe/funbit/internal/protocols/complex.go:169.2,169.88 1 1
github.com/funvibe/funbit/internal/protocols/complex.go:169.88,171.3 1 1
github.com/funvibe/funbit/internal/protocols/complex.go:171.8,171.52 1 1
github.com/funvibe/funbit/internal/protocols/complex.go:171.52,173.3 1 0
github.com/funvibe/funbit/internal/protocols/complex.go:173.8,173.51 1 1
github.com/funvibe/funbit/internal/protocols/complex.go:173.51,175.3 1 1
github.com/funvibe/funbit/internal/protocols/complex.go:175.8,175.51 1 1
github.com/funvibe/funbit/internal/protocols/complex.go:175.51,177.3 1 0
github.com/funvibe/funbit/internal/protocols/complex.go:177.8,177.51 1 1
github.com/funvibe/funbit/internal/protocols/complex.go:177.51,179.3 1 0
github.com/funvibe/funbit/internal/protocols/complex.go:179.8,181.3 1 1
github.com/funvibe/funbit/internal/protocols/complex.go:183.2,183.22 1 1
github.com/funvibe/funbit/internal/protocols/complex.go:187.40,193.2 1 1
github.com/funvibe/funbit/internal/protocols/complex.go:196.51,198.15 2 1
github.com/funvibe/funbit/internal/protocols/complex.go:198.15,200.3 1 1
github.com/funvibe/funbit/internal/protocols/complex.go:203.2,204.15 2 1
github.com/funvibe/funbit/internal/protocols/complex.go:204.15,206.3 1 1
github.com/funvibe/funbit/internal/protocols/complex.go:208.2,208.41 1 1
github.com/funvibe/funbit/internal/protocols/complex.go:212.120,215.16 2 1
github.com/funvibe/funbit/internal/protocols/complex.go:215.16,217.3 1 1
github.com/funvibe/funbit/internal/protocols/complex.go:219.2,220.16 2 1
github.com/funvibe/funbit/internal/protocols/complex.go:220.16,222.3 1 1
github.com/funvibe/funbit/internal/protocols/complex.go:225.2,272.20 5 1
github.com/funvibe/funbit/internal/protocols/complex.go:276.95,279.16 2 1
github.com/funvibe/funbit/internal/protocols/complex.go:279.16,281.3 1 1
github.com/funvibe/funbit/internal/protocols/complex.go:283.2,284.16 2 1
github.com/funvibe/funbit/internal/protocols/complex.go:284.16,286.3 1 1
github.com/funvibe/funbit/internal/protocols/complex.go:289.2,333.20 4 1
github.com/funvibe/funbit/internal/protocols/ipv4.go:28.71,43.2 1 1
github.com/funvibe/funbit/internal/protocols/ipv4.go:46.70,64.16 3 1
github.com/funvibe/funbit/internal/protocols/ipv4.go:64.16,66.3 1 1
github.com/funvibe/funbit/internal/protocols/ipv4.go:69.2,69.25 1 1
github.com/funvibe/funbit/internal/protocols/ipv4.go:69.25,71.3 1 1
github.com/funvibe/funbit/internal/protocols/ipv4.go:73.2,73.29 1 1
github.com/funvibe/funbit/internal/protocols/ipv4.go:73.29,75.3 1 1
github.com/funvibe/funbit/internal/protocols/ipv4.go:77.2,77.21 1 1
github.com/funvibe/funbit/internal/protocols/ipv4.go:81.51,82.19 1 1
github.com/funvibe/funbit/internal/protocols/ipv4.go:82.19,84.3 1 1
github.com/funvibe/funbit/internal/protocols/ipv4.go:86.2,86.25 1 1
github.com/funvibe/funbit/internal/protocols/ipv4.go:86.25,88.3 1 1
github.com/funvibe/funbit/internal/protocols/ipv4.go:90.2,90.57 1 1
github.com/funvibe/funbit/internal/protocols/ipv4.go:90.57,92.3 1 1
github.com/funvibe/funbit/internal/protocols/ipv4.go:94.2,94.29 1 1
github.com/funvibe/funbit/internal/protocols/ipv4.go:94.29,96.3 1 1
github.com/funvibe/funbit/internal/protocols/ipv4.go:99.2,99.28 1 1
github.com/funvibe/funbit/internal/protocols/ipv4.go:99.28,101.3 1 1
github.com/funvibe/funbit/internal/protocols/ipv4.go:103.2,103.12 1 1
github.com/funvibe/funbit/internal/protocols/ipv4.go:107.51,109.2 1 1
github.com/funvibe/funbit/internal/protocols/ipv4.go:112.52,114.2 1 1
github.com/funvibe/funbit/internal/protocols/png.go:44.69,46.50 1 1
github.com/funvibe/funbit/internal/protocols/png.go:46.50,48.3 1 1
github.com/funvibe/funbit/internal/protocols/png.go:51.2,54.38 2 1
github.com/funvibe/funbit/internal/protocols/png.go:54.38,56.17 2 1
github.com/funvibe/funbit/internal/protocols/png.go:56.17,58.4 1 0
github.com/funvibe/funbit/internal/protocols/png.go:59.3,59.25 1 1
github.com/funvibe/funbit/internal/protocols/png.go:62.2,62.18 1 1
github.com/funvibe/funbit/internal/protocols/png.go:66.52,67.26 1 1
github.com/funvibe/funbit/internal/protocols/png.go:67.26,69.3 1 1
github.com/funvibe/funbit/internal/protocols/png.go:72.2,75.75 2 1
github.com/funvibe/funbit/internal/protocols/png.go:75.75,77.3 1 0
github.com/funvibe/funbit/internal/protocols/png.go:80.2,80.49 1 1
github.com/funvibe/funbit/internal/protocols/png.go:80.49,82.3 1 0
github.com/funvibe/funbit/internal/protocols/png.go:85.2,85.49 1 1
github.com/funvibe/funbit/internal/protocols/png.go:85.49,87.3 1 0
github.com/funvibe/funbit/internal/protocols/png.go:90.2,90.72 1 1
github.com/funvibe/funbit/internal/protocols/png.go:90.72,92.3 1 0
github.com/funvibe/funbit/internal/protocols/png.go:94.2,94.25 1 1
github.com/funvibe/funbit/internal/protocols/png.go:98.61,100.52 1 1
github.com/funvibe/funbit/internal/protocols/png.go:100.52,102.3 1 1
github.com/funvibe/funbit/internal/protocols/png.go:105.2,126.8 10 1
github.com/funvibe/funbit/internal/protocols/png.go:130.68,138.16 3 1
github.com/funvibe/funbit/internal/protocols/png.go:138.16,140.3 1 1
github.com/funvibe/funbit/internal/protocols/png.go:143.2,143.50 1 1
github.com/funvibe/funbit/internal/protocols/png.go:143.50,145.3 1 1
github.com/funvibe/funbit/internal/protocols/png.go:148.2,151.31 2 1
github.com/funvibe/funbit/internal/protocols/png.go:151.31,153.17 2 1
github.com/funvibe/funbit/internal/protocols/png.go:153.17,155.4 1 0
github.com/funvibe/funbit/internal/protocols/png.go:157.3,161.8 3 1
github.com/funvibe/funbit/internal/protocols/png.go:164.2,164.21 1 1
github.com/funvibe/funbit/internal/protocols/png.go:168.57,169.20 1 1
github.com/funvibe/funbit/internal/protocols/png.go:169.20,171.3 1 1
github.com/funvibe/funbit/internal/protocols/png.go:174.2,181.32 4 1
github.com/funvibe/funbit/internal/protocols/png.go:181.32,184.3 1 1
github.com/funvibe/funbit/internal/protocols/png.go:187.2,199.41 4 1
github.com/funvibe/funbit/internal/protocols/png.go:203.60,204.20 1 1
github.com/funvibe/funbit/internal/protocols/png.go:204.20,206.3 1 1
github.com/funvibe/funbit/internal/protocols/png.go:208.2,219.51 2 1
github.com/funvibe/funbit/internal/protocols/png.go:219.51,221.3 1 1
github.com/funvibe/funbit/internal/protocols/png.go:223.2,223.18 1 1
github.com/funvibe/funbit/internal/protocols/png.go:227.49,228.19 1 1
github.com/funvibe/funbit/internal/protocols/png.go:228.19,230.3 1 1
github.com/funvibe/funbit/internal/protocols/png.go:233.2,233.50 1 1
github.com/funvibe/funbit/internal/protocols/png.go:233.50,235.3 1 1
github.com/funvibe/funbit/internal/protocols/png.go:238.2,238.29 1 1
github.com/funvibe/funbit/internal/protocols/png.go:238.29,240.3 1 1
github.com/funvibe/funbit/internal/protocols/png.go:243.2,243.45 1 1
github.com/funvibe/funbit/internal/protocols/png.go:243.45,245.3 1 1
github.com/funvibe/funbit/internal/protocols/png.go:248.2,248.38 1 1
github.com/funvibe/funbit/internal/protocols/png.go:248.38,249.50 1 1
github.com/funvibe/funbit/internal/protocols/png.go:249.50,251.4 1 0
github.com/funvibe/funbit/internal/protocols/png.go:254.2,254.12 1 1
github.com/funvibe/funbit/internal/protocols/png.go:258.46,259.18 1 1
github.com/funvibe/funbit/internal/protocols/png.go:259.18,261.3 1 1
github.com/funvibe/funbit/internal/protocols/png.go:263.2,263.26 1 1
github.com/funvibe/funbit/internal/protocols/png.go:263.26,265.3 1 1
github.com/funvibe/funbit/internal/protocols/png.go:268.2,268.31 1 1
github.com/funvibe/funbit/internal/protocols/png.go:268.31,269.51 1 1
github.com/funvibe/funbit/internal/protocols/png.go:269.51,271.4 1 1
github.com/funvibe/funbit/internal/protocols/png.go:275.2,275.45 1 1
github.com/funvibe/funbit/internal/protocols/png.go:275.45,278.3 1 1
github.com/funvibe/funbit/internal/protocols/png.go:280.2,280.12 1 1
github.com/funvibe/funbit/internal/protocols/png.go:284.53,285.17 1 1
github.com/funvibe/funbit/internal/protocols/png.go:285.17,287.3 1 1
github.com/funvibe/funbit/internal/protocols/png.go:290.2,290.21 1 1
github.com/funvibe/funbit/internal/protocols/png.go:290.21,292.3 1 1
github.com/funvibe/funbit/internal/protocols/png.go:294.2,294.22 1 1
github.com/funvibe/funbit/internal/protocols/png.go:294.22,296.3 1 1
github.com/funvibe/funbit/internal/protocols/png.go:299.2,301.36 3 1
github.com/funvibe/funbit/internal/protocols/png.go:301.36,302.26 1 1
github.com/funvibe/funbit/internal/protocols/png.go:302.26,304.9 2 1
github.com/funvibe/funbit/internal/protocols/png.go:307.2,307.22 1 1
github.com/funvibe/funbit/internal/protocols/png.go:307.22,309.3 1 1
github.com/funvibe/funbit/internal/protocols/png.go:312.2,314.37 3 1
github.com/funvibe/funbit/internal/protocols/png.go:314.37,315.27 1 1
github.com/funvibe/funbit/internal/protocols/png.go:315.27,317.9 2 1
github.com/funvibe/funbit/internal/protocols/png.go:320.2,320.23 1 1
github.com/funvibe/funbit/internal/protocols/png.go:320.23,322.3 1 1
github.com/funvibe/funbit/internal/protocols/png.go:325.2,325.46 1 1
github.com/funvibe/funbit/internal/protocols/png.go:325.46,327.3 1 1
github.com/funvibe/funbit/internal/protocols/png.go:330.2,330.27 1 1
github.com/funvibe/funbit/internal/protocols/png.go:330.27,332.3 1 1
github.com/funvibe/funbit/internal/protocols/png.go:335.2,335.22 1 1
github.com/funvibe/funbit/internal/protocols/png.go:335.22,337.3 1 1
github.com/funvibe/funbit/internal/protocols/png.go:340.2,340.24 1 1
github.com/funvibe/funbit/internal/protocols/png.go:340.24,342.3 1 1
github.com/funvibe/funbit/internal/protocols/png.go:344.2,344.12 1 1
github.com/funvibe/funbit/internal/protocols/png.go:348.50,349.19 1 1
github.com/funvibe/funbit/internal/protocols/png.go:350.9,351.21 1 1
github.com/funvibe/funbit/internal/protocols/png.go:352.9,353.15 1 1
github.com/funvibe/funbit/internal/protocols/png.go:354.9,355.19 1 1
github.com/funvibe/funbit/internal/protocols/png.go:356.9,357.32 1 1
github.com/funvibe/funbit/internal/protocols/png.go:358.9,359.26 1 1
github.com/funvibe/funbit/internal/protocols/png.go:360.10,361.19 1 1
github.com/funvibe/funbit/internal/protocols/png.go:366.56,367.19 1 1
github.com/funvibe/funbit/internal/protocols/png.go:368.9,369.16 1 1
github.com/funvibe/funbit/internal/protocols/png.go:370.9,371.17 1 1
github.com/funvibe/funbit/internal/protocols/png.go:372.10,373.19 1 1
github.com/funvibe/funbit/internal/protocols/png.go:378.51,391.2 10 1
github.com/funvibe/funbit/internal/protocols/tcp.go:38.66,48.2 1 1
github.com/funvibe/funbit/internal/protocols/tcp.go:51.66,64.16 3 1
github.com/funvibe/funbit/internal/protocols/tcp.go:64.16,66.3 1 1
github.com/funvibe/funbit/internal/protocols/tcp.go:68.2,68.20 1 1
github.com/funvibe/funbit/internal/protocols/tcp.go:72.69,91.2 1 1
github.com/funvibe/funbit/internal/protocols/tcp.go:94.68,116.16 3 1
github.com/funvibe/funbit/internal/protocols/tcp.go:116.16,118.3 1 1
github.com/funvibe/funbit/internal/protocols/tcp.go:120.2,120.21 1 1
github.com/funvibe/funbit/internal/protocols/tcp.go:124.46,125.18 1 1
github.com/funvibe/funbit/internal/protocols/tcp.go:125.18,127.3 1 1
github.com/funvibe/funbit/internal/protocols/tcp.go:130.2,130.25 1 1
github.com/funvibe/funbit/internal/protocols/tcp.go:130.25,132.3 1 1
github.com/funvibe/funbit/internal/protocols/tcp.go:135.2,136.35 2 1
github.com/funvibe/funbit/internal/protocols/tcp.go:136.35,137.16 1 1
github.com/funvibe/funbit/internal/protocols/tcp.go:137.16,140.4 2 1
github.com/funvibe/funbit/internal/protocols/tcp.go:143.2,143.12 1 1
github.com/funvibe/funbit/internal/protocols/tcp.go:147.49,148.19 1 1
github.com/funvibe/funbit/internal/protocols/tcp.go:148.19,150.3 1 1
github.com/funvibe/funbit/internal/protocols/tcp.go:153.2,153.31 1 1
github.com/funvibe/funbit/internal/protocols/tcp.go:153.31,155.3 1 1
github.com/funvibe/funbit/internal/protocols/tcp.go:157.2,157.36 1 1
github.com/funvibe/funbit/internal/protocols/tcp.go:157.36,159.3 1 1
github.com/funvibe/funbit/internal/protocols/tcp.go:162.2,162.53 1 1
github.com/funvibe/funbit/internal/protocols/tcp.go:162.53,164.3 1 1
github.com/funvibe/funbit/internal/protocols/tcp.go:167.2,167.26 1 1
github.com/funvibe/funbit/internal/protocols/tcp.go:167.26,169.3 1 1
github.com/funvibe/funbit/internal/protocols/tcp.go:172.2,172.56 1 1
github.com/funvibe/funbit/internal/protocols/tcp.go:172.56,174.3 1 1
github.com/funvibe/funbit/internal/protocols/tcp.go:177.2,177.27 1 1
github.com/funvibe/funbit/internal/protocols/tcp.go:177.27,179.3 1 1
github.com/funvibe/funbit/internal/protocols/tcp.go:181.2,181.12 1 1
github.com/funvibe/funbit/internal/protocols/tcp.go:185.49,187.2 1 1
github.com/funvibe/funbit/internal/protocols/tcp.go:190.47,193.20 2 1
github.com/funvibe/funbit/internal/protocols/tcp.go:193.20,195.3 1 1
github.com/funvibe/funbit/internal/protocols/tcp.go:196.2,196.20 1 1
github.com/funvibe/funbit/internal/protocols/tcp.go:196.20,198.3 1 1
github.com/funvibe/funbit/internal/protocols/tcp.go:199.2,199.20 1 1
github.com/funvibe/funbit/internal/protocols/tcp.go:199.20,201.3 1 1
github.com/funvibe/funbit/internal/protocols/tcp.go:202.2,202.20 1 1
github.com/funvibe/funbit/internal/protocols/tcp.go:202.20,204.3 1 1
github.com/funvibe/funbit/internal/protocols/tcp.go:205.2,205.20 1 1
github.com/funvibe/funbit/internal/protocols/tcp.go:205.20,207.3 1 1
github.com/funvibe/funbit/internal/protocols/tcp.go:208.2,208.20 1 1
github.com/funvibe/funbit/internal/protocols/tcp.go:208.20,210.3 1 1
github.com/funvibe/funbit/internal/protocols/tcp.go:212.2,212.27 1 1
github.com/funvibe/funbit/internal/protocols/tcp.go:212.27,214.3 1 1
github.com/funvibe/funbit/internal/protocols/tcp.go:216.2,216.39 1 1
github.com/funvibe/funbit/internal/protocols/tcp.go:220.56,222.2 1 1
github.com/funvibe/funbit/internal/protocols/tcp.go:225.54,227.2 1 1
github.com/funvibe/funbit/internal/protocols/tcp.go:230.54,232.2 1 1
github.com/funvibe/funbit/internal/protocols/tcp.go:235.43,237.2 1 1
